Terminaux inutilisés dans la grammaire

    tERROR


Grammaire

    0 $accept: program $end

    1 program: %empty
    2        | program function

    3 $@1: %empty

    4 function: $@1 tVOID tID tLPAR parameters tRPAR tLBRACE statement tRBRACE

    5 $@2: %empty

    6 function: $@2 tINT tID tLPAR parameters tRPAR tLBRACE statement Return tSEMI tRBRACE

    7 statement: %empty
    8          | declarations_int tSEMI statement
    9          | declarations_const tSEMI statement
   10          | assign tSEMI statement
   11          | while statement
   12          | if statement
   13          | print statement

   14 declarations_int: tINT declaration_int declarations1_int

   15 declaration_int: tID
   16                | tID tASSIGN term

   17 declarations1_int: %empty
   18                  | tCOMMA declaration_int declarations1_int

   19 declarations_const: tCONST declaration_const declarations1_const

   20 declaration_const: tID
   21                  | tID tASSIGN term

   22 declarations1_const: %empty
   23                    | tCOMMA declaration_const declarations1_const

   24 parameters: parameter
   25           | parameters tCOMMA parameter

   26 parameter: %empty
   27          | tVOID
   28          | tINT tID

   29 assign: tID tASSIGN term

   30 $@3: %empty

   31 body: tLBRACE $@3 statement tRBRACE

   32 while: tWHILE tLPAR expression tRPAR body

   33 print: tPRINT tLPAR tID tRPAR tSEMI

   34 Return: tRETURN term

   35 if: tIF tLPAR expression tRPAR body
   36   | tIF tLPAR expression tRPAR body tELSE body

   37 term: tID
   38     | tNB
   39     | term tSUB term
   40     | term tADD term
   41     | term tMUL term
   42     | term tDIV term
   43     | tID tLPAR args tRPAR

   44 args: term
   45     | term tCOMMA args

   46 expression: term comparison term
   47           | term comparison term tAND expression
   48           | term comparison term tOR expression
   49           | tNOT expression

   50 comparison: tNE
   51           | tEQ
   52           | tGE
   53           | tLE
   54           | tLT
   55           | tGT


Terminaux, suivis des règles où ils apparaissent

    $end (0) 0
    error (256)
    tIF (258) 35 36
    tELSE (259) 36
    tWHILE (260) 32
    tPRINT (261) 33
    tRETURN (262) 34
    tINT (263) 6 14 28
    tVOID (264) 4 27
    tCONST (265) 19
    tADD (266) 40
    tSUB (267) 39
    tMUL (268) 41
    tDIV (269) 42
    tASSIGN (270) 16 21 29
    tLBRACE (271) 4 6 31
    tRBRACE (272) 4 6 31
    tLPAR (273) 4 6 32 33 35 36 43
    tRPAR (274) 4 6 32 33 35 36 43
    tSEMI (275) 6 8 9 10 33
    tCOMMA (276) 18 23 25 45
    tID <var> (277) 4 6 15 16 20 21 28 29 33 37 43
    tNB <num> (278) 38
    tERROR (279)
    tAND (280) 47
    tNOT (281) 49
    tOR (282) 48
    tEQ (283) 51
    tNE (284) 50
    tLT (285) 54
    tLE (286) 53
    tGT (287) 55
    tGE (288) 52


Non-terminaux, suivis des règles où ils apparaissent

    $accept (34)
        à gauche: 0
    program (35)
        à gauche: 1 2
        à droite: 0 2
    function (36)
        à gauche: 4 6
        à droite: 2
    $@1 (37)
        à gauche: 3
        à droite: 4
    $@2 (38)
        à gauche: 5
        à droite: 6
    statement (39)
        à gauche: 7 8 9 10 11 12 13
        à droite: 4 6 8 9 10 11 12 13 31
    declarations_int (40)
        à gauche: 14
        à droite: 8
    declaration_int (41)
        à gauche: 15 16
        à droite: 14 18
    declarations1_int (42)
        à gauche: 17 18
        à droite: 14 18
    declarations_const (43)
        à gauche: 19
        à droite: 9
    declaration_const (44)
        à gauche: 20 21
        à droite: 19 23
    declarations1_const (45)
        à gauche: 22 23
        à droite: 19 23
    parameters (46)
        à gauche: 24 25
        à droite: 4 6 25
    parameter (47)
        à gauche: 26 27 28
        à droite: 24 25
    assign (48)
        à gauche: 29
        à droite: 10
    body (49)
        à gauche: 31
        à droite: 32 35 36
    $@3 (50)
        à gauche: 30
        à droite: 31
    while (51)
        à gauche: 32
        à droite: 11
    print (52)
        à gauche: 33
        à droite: 13
    Return (53)
        à gauche: 34
        à droite: 6
    if (54)
        à gauche: 35 36
        à droite: 12
    term (55)
        à gauche: 37 38 39 40 41 42 43
        à droite: 16 21 29 34 39 40 41 42 44 45 46 47 48
    args (56)
        à gauche: 44 45
        à droite: 43 45
    expression (57)
        à gauche: 46 47 48 49
        à droite: 32 35 36 47 48 49
    comparison (58)
        à gauche: 50 51 52 53 54 55
        à droite: 46 47 48


État 0

    0 $accept: . program $end

    $défaut  réduction par utilisation de la règle 1 (program)

    program  aller à l'état 1


État 1

    0 $accept: program . $end
    2 program: program . function

    $end  décalage et aller à l'état 2

    tINT      réduction par utilisation de la règle 5 ($@2)
    $défaut  réduction par utilisation de la règle 3 ($@1)

    function  aller à l'état 3
    $@1       aller à l'état 4
    $@2       aller à l'état 5


État 2

    0 $accept: program $end .

    $défaut  accepter


État 3

    2 program: program function .

    $défaut  réduction par utilisation de la règle 2 (program)


État 4

    4 function: $@1 . tVOID tID tLPAR parameters tRPAR tLBRACE statement tRBRACE

    tVOID  décalage et aller à l'état 6


État 5

    6 function: $@2 . tINT tID tLPAR parameters tRPAR tLBRACE statement Return tSEMI tRBRACE

    tINT  décalage et aller à l'état 7


État 6

    4 function: $@1 tVOID . tID tLPAR parameters tRPAR tLBRACE statement tRBRACE

    tID  décalage et aller à l'état 8


État 7

    6 function: $@2 tINT . tID tLPAR parameters tRPAR tLBRACE statement Return tSEMI tRBRACE

    tID  décalage et aller à l'état 9


État 8

    4 function: $@1 tVOID tID . tLPAR parameters tRPAR tLBRACE statement tRBRACE

    tLPAR  décalage et aller à l'état 10


État 9

    6 function: $@2 tINT tID . tLPAR parameters tRPAR tLBRACE statement Return tSEMI tRBRACE

    tLPAR  décalage et aller à l'état 11


État 10

    4 function: $@1 tVOID tID tLPAR . parameters tRPAR tLBRACE statement tRBRACE

    tINT   décalage et aller à l'état 12
    tVOID  décalage et aller à l'état 13

    $défaut  réduction par utilisation de la règle 26 (parameter)

    parameters  aller à l'état 14
    parameter   aller à l'état 15


État 11

    6 function: $@2 tINT tID tLPAR . parameters tRPAR tLBRACE statement Return tSEMI tRBRACE

    tINT   décalage et aller à l'état 12
    tVOID  décalage et aller à l'état 13

    $défaut  réduction par utilisation de la règle 26 (parameter)

    parameters  aller à l'état 16
    parameter   aller à l'état 15


État 12

   28 parameter: tINT . tID

    tID  décalage et aller à l'état 17


État 13

   27 parameter: tVOID .

    $défaut  réduction par utilisation de la règle 27 (parameter)


État 14

    4 function: $@1 tVOID tID tLPAR parameters . tRPAR tLBRACE statement tRBRACE
   25 parameters: parameters . tCOMMA parameter

    tRPAR   décalage et aller à l'état 18
    tCOMMA  décalage et aller à l'état 19


État 15

   24 parameters: parameter .

    $défaut  réduction par utilisation de la règle 24 (parameters)


État 16

    6 function: $@2 tINT tID tLPAR parameters . tRPAR tLBRACE statement Return tSEMI tRBRACE
   25 parameters: parameters . tCOMMA parameter

    tRPAR   décalage et aller à l'état 20
    tCOMMA  décalage et aller à l'état 19


État 17

   28 parameter: tINT tID .

    $défaut  réduction par utilisation de la règle 28 (parameter)


État 18

    4 function: $@1 tVOID tID tLPAR parameters tRPAR . tLBRACE statement tRBRACE

    tLBRACE  décalage et aller à l'état 21


État 19

   25 parameters: parameters tCOMMA . parameter

    tINT   décalage et aller à l'état 12
    tVOID  décalage et aller à l'état 13

    $défaut  réduction par utilisation de la règle 26 (parameter)

    parameter  aller à l'état 22


État 20

    6 function: $@2 tINT tID tLPAR parameters tRPAR . tLBRACE statement Return tSEMI tRBRACE

    tLBRACE  décalage et aller à l'état 23


État 21

    4 function: $@1 tVOID tID tLPAR parameters tRPAR tLBRACE . statement tRBRACE

    tIF     décalage et aller à l'état 24
    tWHILE  décalage et aller à l'état 25
    tPRINT  décalage et aller à l'état 26
    tINT    décalage et aller à l'état 27
    tCONST  décalage et aller à l'état 28
    tID     décalage et aller à l'état 29

    $défaut  réduction par utilisation de la règle 7 (statement)

    statement           aller à l'état 30
    declarations_int    aller à l'état 31
    declarations_const  aller à l'état 32
    assign              aller à l'état 33
    while               aller à l'état 34
    print               aller à l'état 35
    if                  aller à l'état 36


État 22

   25 parameters: parameters tCOMMA parameter .

    $défaut  réduction par utilisation de la règle 25 (parameters)


État 23

    6 function: $@2 tINT tID tLPAR parameters tRPAR tLBRACE . statement Return tSEMI tRBRACE

    tIF     décalage et aller à l'état 24
    tWHILE  décalage et aller à l'état 25
    tPRINT  décalage et aller à l'état 26
    tINT    décalage et aller à l'état 27
    tCONST  décalage et aller à l'état 28
    tID     décalage et aller à l'état 29

    $défaut  réduction par utilisation de la règle 7 (statement)

    statement           aller à l'état 37
    declarations_int    aller à l'état 31
    declarations_const  aller à l'état 32
    assign              aller à l'état 33
    while               aller à l'état 34
    print               aller à l'état 35
    if                  aller à l'état 36


État 24

   35 if: tIF . tLPAR expression tRPAR body
   36   | tIF . tLPAR expression tRPAR body tELSE body

    tLPAR  décalage et aller à l'état 38


État 25

   32 while: tWHILE . tLPAR expression tRPAR body

    tLPAR  décalage et aller à l'état 39


État 26

   33 print: tPRINT . tLPAR tID tRPAR tSEMI

    tLPAR  décalage et aller à l'état 40


État 27

   14 declarations_int: tINT . declaration_int declarations1_int

    tID  décalage et aller à l'état 41

    declaration_int  aller à l'état 42


État 28

   19 declarations_const: tCONST . declaration_const declarations1_const

    tID  décalage et aller à l'état 43

    declaration_const  aller à l'état 44


État 29

   29 assign: tID . tASSIGN term

    tASSIGN  décalage et aller à l'état 45


État 30

    4 function: $@1 tVOID tID tLPAR parameters tRPAR tLBRACE statement . tRBRACE

    tRBRACE  décalage et aller à l'état 46


État 31

    8 statement: declarations_int . tSEMI statement

    tSEMI  décalage et aller à l'état 47


État 32

    9 statement: declarations_const . tSEMI statement

    tSEMI  décalage et aller à l'état 48


État 33

   10 statement: assign . tSEMI statement

    tSEMI  décalage et aller à l'état 49


État 34

   11 statement: while . statement

    tIF     décalage et aller à l'état 24
    tWHILE  décalage et aller à l'état 25
    tPRINT  décalage et aller à l'état 26
    tINT    décalage et aller à l'état 27
    tCONST  décalage et aller à l'état 28
    tID     décalage et aller à l'état 29

    $défaut  réduction par utilisation de la règle 7 (statement)

    statement           aller à l'état 50
    declarations_int    aller à l'état 31
    declarations_const  aller à l'état 32
    assign              aller à l'état 33
    while               aller à l'état 34
    print               aller à l'état 35
    if                  aller à l'état 36


État 35

   13 statement: print . statement

    tIF     décalage et aller à l'état 24
    tWHILE  décalage et aller à l'état 25
    tPRINT  décalage et aller à l'état 26
    tINT    décalage et aller à l'état 27
    tCONST  décalage et aller à l'état 28
    tID     décalage et aller à l'état 29

    $défaut  réduction par utilisation de la règle 7 (statement)

    statement           aller à l'état 51
    declarations_int    aller à l'état 31
    declarations_const  aller à l'état 32
    assign              aller à l'état 33
    while               aller à l'état 34
    print               aller à l'état 35
    if                  aller à l'état 36


État 36

   12 statement: if . statement

    tIF     décalage et aller à l'état 24
    tWHILE  décalage et aller à l'état 25
    tPRINT  décalage et aller à l'état 26
    tINT    décalage et aller à l'état 27
    tCONST  décalage et aller à l'état 28
    tID     décalage et aller à l'état 29

    $défaut  réduction par utilisation de la règle 7 (statement)

    statement           aller à l'état 52
    declarations_int    aller à l'état 31
    declarations_const  aller à l'état 32
    assign              aller à l'état 33
    while               aller à l'état 34
    print               aller à l'état 35
    if                  aller à l'état 36


État 37

    6 function: $@2 tINT tID tLPAR parameters tRPAR tLBRACE statement . Return tSEMI tRBRACE

    tRETURN  décalage et aller à l'état 53

    Return  aller à l'état 54


État 38

   35 if: tIF tLPAR . expression tRPAR body
   36   | tIF tLPAR . expression tRPAR body tELSE body

    tID   décalage et aller à l'état 55
    tNB   décalage et aller à l'état 56
    tNOT  décalage et aller à l'état 57

    term        aller à l'état 58
    expression  aller à l'état 59


État 39

   32 while: tWHILE tLPAR . expression tRPAR body

    tID   décalage et aller à l'état 55
    tNB   décalage et aller à l'état 56
    tNOT  décalage et aller à l'état 57

    term        aller à l'état 58
    expression  aller à l'état 60


État 40

   33 print: tPRINT tLPAR . tID tRPAR tSEMI

    tID  décalage et aller à l'état 61


État 41

   15 declaration_int: tID .
   16                | tID . tASSIGN term

    tASSIGN  décalage et aller à l'état 62

    $défaut  réduction par utilisation de la règle 15 (declaration_int)


État 42

   14 declarations_int: tINT declaration_int . declarations1_int

    tCOMMA  décalage et aller à l'état 63

    $défaut  réduction par utilisation de la règle 17 (declarations1_int)

    declarations1_int  aller à l'état 64


État 43

   20 declaration_const: tID .
   21                  | tID . tASSIGN term

    tASSIGN  décalage et aller à l'état 65

    $défaut  réduction par utilisation de la règle 20 (declaration_const)


État 44

   19 declarations_const: tCONST declaration_const . declarations1_const

    tCOMMA  décalage et aller à l'état 66

    $défaut  réduction par utilisation de la règle 22 (declarations1_const)

    declarations1_const  aller à l'état 67


État 45

   29 assign: tID tASSIGN . term

    tID  décalage et aller à l'état 55
    tNB  décalage et aller à l'état 56

    term  aller à l'état 68


État 46

    4 function: $@1 tVOID tID tLPAR parameters tRPAR tLBRACE statement tRBRACE .

    $défaut  réduction par utilisation de la règle 4 (function)


État 47

    8 statement: declarations_int tSEMI . statement

    tIF     décalage et aller à l'état 24
    tWHILE  décalage et aller à l'état 25
    tPRINT  décalage et aller à l'état 26
    tINT    décalage et aller à l'état 27
    tCONST  décalage et aller à l'état 28
    tID     décalage et aller à l'état 29

    $défaut  réduction par utilisation de la règle 7 (statement)

    statement           aller à l'état 69
    declarations_int    aller à l'état 31
    declarations_const  aller à l'état 32
    assign              aller à l'état 33
    while               aller à l'état 34
    print               aller à l'état 35
    if                  aller à l'état 36


État 48

    9 statement: declarations_const tSEMI . statement

    tIF     décalage et aller à l'état 24
    tWHILE  décalage et aller à l'état 25
    tPRINT  décalage et aller à l'état 26
    tINT    décalage et aller à l'état 27
    tCONST  décalage et aller à l'état 28
    tID     décalage et aller à l'état 29

    $défaut  réduction par utilisation de la règle 7 (statement)

    statement           aller à l'état 70
    declarations_int    aller à l'état 31
    declarations_const  aller à l'état 32
    assign              aller à l'état 33
    while               aller à l'état 34
    print               aller à l'état 35
    if                  aller à l'état 36


État 49

   10 statement: assign tSEMI . statement

    tIF     décalage et aller à l'état 24
    tWHILE  décalage et aller à l'état 25
    tPRINT  décalage et aller à l'état 26
    tINT    décalage et aller à l'état 27
    tCONST  décalage et aller à l'état 28
    tID     décalage et aller à l'état 29

    $défaut  réduction par utilisation de la règle 7 (statement)

    statement           aller à l'état 71
    declarations_int    aller à l'état 31
    declarations_const  aller à l'état 32
    assign              aller à l'état 33
    while               aller à l'état 34
    print               aller à l'état 35
    if                  aller à l'état 36


État 50

   11 statement: while statement .

    $défaut  réduction par utilisation de la règle 11 (statement)


État 51

   13 statement: print statement .

    $défaut  réduction par utilisation de la règle 13 (statement)


État 52

   12 statement: if statement .

    $défaut  réduction par utilisation de la règle 12 (statement)


État 53

   34 Return: tRETURN . term

    tID  décalage et aller à l'état 55
    tNB  décalage et aller à l'état 56

    term  aller à l'état 72


État 54

    6 function: $@2 tINT tID tLPAR parameters tRPAR tLBRACE statement Return . tSEMI tRBRACE

    tSEMI  décalage et aller à l'état 73


État 55

   37 term: tID .
   43     | tID . tLPAR args tRPAR

    tLPAR  décalage et aller à l'état 74

    $défaut  réduction par utilisation de la règle 37 (term)


État 56

   38 term: tNB .

    $défaut  réduction par utilisation de la règle 38 (term)


État 57

   49 expression: tNOT . expression

    tID   décalage et aller à l'état 55
    tNB   décalage et aller à l'état 56
    tNOT  décalage et aller à l'état 57

    term        aller à l'état 58
    expression  aller à l'état 75


État 58

   39 term: term . tSUB term
   40     | term . tADD term
   41     | term . tMUL term
   42     | term . tDIV term
   46 expression: term . comparison term
   47           | term . comparison term tAND expression
   48           | term . comparison term tOR expression

    tADD  décalage et aller à l'état 76
    tSUB  décalage et aller à l'état 77
    tMUL  décalage et aller à l'état 78
    tDIV  décalage et aller à l'état 79
    tEQ   décalage et aller à l'état 80
    tNE   décalage et aller à l'état 81
    tLT   décalage et aller à l'état 82
    tLE   décalage et aller à l'état 83
    tGT   décalage et aller à l'état 84
    tGE   décalage et aller à l'état 85

    comparison  aller à l'état 86


État 59

   35 if: tIF tLPAR expression . tRPAR body
   36   | tIF tLPAR expression . tRPAR body tELSE body

    tRPAR  décalage et aller à l'état 87


État 60

   32 while: tWHILE tLPAR expression . tRPAR body

    tRPAR  décalage et aller à l'état 88


État 61

   33 print: tPRINT tLPAR tID . tRPAR tSEMI

    tRPAR  décalage et aller à l'état 89


État 62

   16 declaration_int: tID tASSIGN . term

    tID  décalage et aller à l'état 55
    tNB  décalage et aller à l'état 56

    term  aller à l'état 90


État 63

   18 declarations1_int: tCOMMA . declaration_int declarations1_int

    tID  décalage et aller à l'état 41

    declaration_int  aller à l'état 91


État 64

   14 declarations_int: tINT declaration_int declarations1_int .

    $défaut  réduction par utilisation de la règle 14 (declarations_int)


État 65

   21 declaration_const: tID tASSIGN . term

    tID  décalage et aller à l'état 55
    tNB  décalage et aller à l'état 56

    term  aller à l'état 92


État 66

   23 declarations1_const: tCOMMA . declaration_const declarations1_const

    tID  décalage et aller à l'état 43

    declaration_const  aller à l'état 93


État 67

   19 declarations_const: tCONST declaration_const declarations1_const .

    $défaut  réduction par utilisation de la règle 19 (declarations_const)


État 68

   29 assign: tID tASSIGN term .
   39 term: term . tSUB term
   40     | term . tADD term
   41     | term . tMUL term
   42     | term . tDIV term

    tADD  décalage et aller à l'état 76
    tSUB  décalage et aller à l'état 77
    tMUL  décalage et aller à l'état 78
    tDIV  décalage et aller à l'état 79

    $défaut  réduction par utilisation de la règle 29 (assign)


État 69

    8 statement: declarations_int tSEMI statement .

    $défaut  réduction par utilisation de la règle 8 (statement)


État 70

    9 statement: declarations_const tSEMI statement .

    $défaut  réduction par utilisation de la règle 9 (statement)


État 71

   10 statement: assign tSEMI statement .

    $défaut  réduction par utilisation de la règle 10 (statement)


État 72

   34 Return: tRETURN term .
   39 term: term . tSUB term
   40     | term . tADD term
   41     | term . tMUL term
   42     | term . tDIV term

    tADD  décalage et aller à l'état 76
    tSUB  décalage et aller à l'état 77
    tMUL  décalage et aller à l'état 78
    tDIV  décalage et aller à l'état 79

    $défaut  réduction par utilisation de la règle 34 (Return)


État 73

    6 function: $@2 tINT tID tLPAR parameters tRPAR tLBRACE statement Return tSEMI . tRBRACE

    tRBRACE  décalage et aller à l'état 94


État 74

   43 term: tID tLPAR . args tRPAR

    tID  décalage et aller à l'état 55
    tNB  décalage et aller à l'état 56

    term  aller à l'état 95
    args  aller à l'état 96


État 75

   49 expression: tNOT expression .

    $défaut  réduction par utilisation de la règle 49 (expression)


État 76

   40 term: term tADD . term

    tID  décalage et aller à l'état 55
    tNB  décalage et aller à l'état 56

    term  aller à l'état 97


État 77

   39 term: term tSUB . term

    tID  décalage et aller à l'état 55
    tNB  décalage et aller à l'état 56

    term  aller à l'état 98


État 78

   41 term: term tMUL . term

    tID  décalage et aller à l'état 55
    tNB  décalage et aller à l'état 56

    term  aller à l'état 99


État 79

   42 term: term tDIV . term

    tID  décalage et aller à l'état 55
    tNB  décalage et aller à l'état 56

    term  aller à l'état 100


État 80

   51 comparison: tEQ .

    $défaut  réduction par utilisation de la règle 51 (comparison)


État 81

   50 comparison: tNE .

    $défaut  réduction par utilisation de la règle 50 (comparison)


État 82

   54 comparison: tLT .

    $défaut  réduction par utilisation de la règle 54 (comparison)


État 83

   53 comparison: tLE .

    $défaut  réduction par utilisation de la règle 53 (comparison)


État 84

   55 comparison: tGT .

    $défaut  réduction par utilisation de la règle 55 (comparison)


État 85

   52 comparison: tGE .

    $défaut  réduction par utilisation de la règle 52 (comparison)


État 86

   46 expression: term comparison . term
   47           | term comparison . term tAND expression
   48           | term comparison . term tOR expression

    tID  décalage et aller à l'état 55
    tNB  décalage et aller à l'état 56

    term  aller à l'état 101


État 87

   35 if: tIF tLPAR expression tRPAR . body
   36   | tIF tLPAR expression tRPAR . body tELSE body

    tLBRACE  décalage et aller à l'état 102

    body  aller à l'état 103


État 88

   32 while: tWHILE tLPAR expression tRPAR . body

    tLBRACE  décalage et aller à l'état 102

    body  aller à l'état 104


État 89

   33 print: tPRINT tLPAR tID tRPAR . tSEMI

    tSEMI  décalage et aller à l'état 105


État 90

   16 declaration_int: tID tASSIGN term .
   39 term: term . tSUB term
   40     | term . tADD term
   41     | term . tMUL term
   42     | term . tDIV term

    tADD  décalage et aller à l'état 76
    tSUB  décalage et aller à l'état 77
    tMUL  décalage et aller à l'état 78
    tDIV  décalage et aller à l'état 79

    $défaut  réduction par utilisation de la règle 16 (declaration_int)


État 91

   18 declarations1_int: tCOMMA declaration_int . declarations1_int

    tCOMMA  décalage et aller à l'état 63

    $défaut  réduction par utilisation de la règle 17 (declarations1_int)

    declarations1_int  aller à l'état 106


État 92

   21 declaration_const: tID tASSIGN term .
   39 term: term . tSUB term
   40     | term . tADD term
   41     | term . tMUL term
   42     | term . tDIV term

    tADD  décalage et aller à l'état 76
    tSUB  décalage et aller à l'état 77
    tMUL  décalage et aller à l'état 78
    tDIV  décalage et aller à l'état 79

    $défaut  réduction par utilisation de la règle 21 (declaration_const)


État 93

   23 declarations1_const: tCOMMA declaration_const . declarations1_const

    tCOMMA  décalage et aller à l'état 66

    $défaut  réduction par utilisation de la règle 22 (declarations1_const)

    declarations1_const  aller à l'état 107


État 94

    6 function: $@2 tINT tID tLPAR parameters tRPAR tLBRACE statement Return tSEMI tRBRACE .

    $défaut  réduction par utilisation de la règle 6 (function)


État 95

   39 term: term . tSUB term
   40     | term . tADD term
   41     | term . tMUL term
   42     | term . tDIV term
   44 args: term .
   45     | term . tCOMMA args

    tADD    décalage et aller à l'état 76
    tSUB    décalage et aller à l'état 77
    tMUL    décalage et aller à l'état 78
    tDIV    décalage et aller à l'état 79
    tCOMMA  décalage et aller à l'état 108

    $défaut  réduction par utilisation de la règle 44 (args)


État 96

   43 term: tID tLPAR args . tRPAR

    tRPAR  décalage et aller à l'état 109


État 97

   39 term: term . tSUB term
   40     | term . tADD term
   40     | term tADD term .
   41     | term . tMUL term
   42     | term . tDIV term

    tMUL  décalage et aller à l'état 78
    tDIV  décalage et aller à l'état 79

    $défaut  réduction par utilisation de la règle 40 (term)


État 98

   39 term: term . tSUB term
   39     | term tSUB term .
   40     | term . tADD term
   41     | term . tMUL term
   42     | term . tDIV term

    tMUL  décalage et aller à l'état 78
    tDIV  décalage et aller à l'état 79

    $défaut  réduction par utilisation de la règle 39 (term)


État 99

   39 term: term . tSUB term
   40     | term . tADD term
   41     | term . tMUL term
   41     | term tMUL term .
   42     | term . tDIV term

    $défaut  réduction par utilisation de la règle 41 (term)


État 100

   39 term: term . tSUB term
   40     | term . tADD term
   41     | term . tMUL term
   42     | term . tDIV term
   42     | term tDIV term .

    $défaut  réduction par utilisation de la règle 42 (term)


État 101

   39 term: term . tSUB term
   40     | term . tADD term
   41     | term . tMUL term
   42     | term . tDIV term
   46 expression: term comparison term .
   47           | term comparison term . tAND expression
   48           | term comparison term . tOR expression

    tADD  décalage et aller à l'état 76
    tSUB  décalage et aller à l'état 77
    tMUL  décalage et aller à l'état 78
    tDIV  décalage et aller à l'état 79
    tAND  décalage et aller à l'état 110
    tOR   décalage et aller à l'état 111

    $défaut  réduction par utilisation de la règle 46 (expression)


État 102

   31 body: tLBRACE . $@3 statement tRBRACE

    $défaut  réduction par utilisation de la règle 30 ($@3)

    $@3  aller à l'état 112


État 103

   35 if: tIF tLPAR expression tRPAR body .
   36   | tIF tLPAR expression tRPAR body . tELSE body

    tELSE  décalage et aller à l'état 113

    $défaut  réduction par utilisation de la règle 35 (if)


État 104

   32 while: tWHILE tLPAR expression tRPAR body .

    $défaut  réduction par utilisation de la règle 32 (while)


État 105

   33 print: tPRINT tLPAR tID tRPAR tSEMI .

    $défaut  réduction par utilisation de la règle 33 (print)


État 106

   18 declarations1_int: tCOMMA declaration_int declarations1_int .

    $défaut  réduction par utilisation de la règle 18 (declarations1_int)


État 107

   23 declarations1_const: tCOMMA declaration_const declarations1_const .

    $défaut  réduction par utilisation de la règle 23 (declarations1_const)


État 108

   45 args: term tCOMMA . args

    tID  décalage et aller à l'état 55
    tNB  décalage et aller à l'état 56

    term  aller à l'état 95
    args  aller à l'état 114


État 109

   43 term: tID tLPAR args tRPAR .

    $défaut  réduction par utilisation de la règle 43 (term)


État 110

   47 expression: term comparison term tAND . expression

    tID   décalage et aller à l'état 55
    tNB   décalage et aller à l'état 56
    tNOT  décalage et aller à l'état 57

    term        aller à l'état 58
    expression  aller à l'état 115


État 111

   48 expression: term comparison term tOR . expression

    tID   décalage et aller à l'état 55
    tNB   décalage et aller à l'état 56
    tNOT  décalage et aller à l'état 57

    term        aller à l'état 58
    expression  aller à l'état 116


État 112

   31 body: tLBRACE $@3 . statement tRBRACE

    tIF     décalage et aller à l'état 24
    tWHILE  décalage et aller à l'état 25
    tPRINT  décalage et aller à l'état 26
    tINT    décalage et aller à l'état 27
    tCONST  décalage et aller à l'état 28
    tID     décalage et aller à l'état 29

    $défaut  réduction par utilisation de la règle 7 (statement)

    statement           aller à l'état 117
    declarations_int    aller à l'état 31
    declarations_const  aller à l'état 32
    assign              aller à l'état 33
    while               aller à l'état 34
    print               aller à l'état 35
    if                  aller à l'état 36


État 113

   36 if: tIF tLPAR expression tRPAR body tELSE . body

    tLBRACE  décalage et aller à l'état 102

    body  aller à l'état 118


État 114

   45 args: term tCOMMA args .

    $défaut  réduction par utilisation de la règle 45 (args)


État 115

   47 expression: term comparison term tAND expression .

    $défaut  réduction par utilisation de la règle 47 (expression)


État 116

   48 expression: term comparison term tOR expression .

    $défaut  réduction par utilisation de la règle 48 (expression)


État 117

   31 body: tLBRACE $@3 statement . tRBRACE

    tRBRACE  décalage et aller à l'état 119


État 118

   36 if: tIF tLPAR expression tRPAR body tELSE body .

    $défaut  réduction par utilisation de la règle 36 (if)


État 119

   31 body: tLBRACE $@3 statement tRBRACE .

    $défaut  réduction par utilisation de la règle 31 (body)
