INFO: [VRFC 10-163] Analyzing VHDL file "/home/goutte/4A/Projet_SI/projet-si/processor/processor.srcs/sources_1/new/ALU.vhd" into library xil_defaultlib
INFO: [VRFC 10-307] analyzing entity ALU
INFO: [VRFC 10-163] Analyzing VHDL file "/home/goutte/4A/Projet_SI/projet-si/processor/processor.srcs/sim_1/new/test_ALU.vhd" into library xil_defaultlib
INFO: [VRFC 10-307] analyzing entity test_ALU
INFO: [VRFC 10-163] Analyzing VHDL file "/home/goutte/4A/Projet_SI/projet-si/processor/processor.srcs/sources_1/new/ALU.vhd" into library xil_defaultlib
INFO: [VRFC 10-307] analyzing entity ALU
INFO: [VRFC 10-163] Analyzing VHDL file "/home/goutte/4A/Projet_SI/projet-si/processor/processor.srcs/sources_1/new/ALU.vhd" into library xil_defaultlib
INFO: [VRFC 10-307] analyzing entity ALU
INFO: [VRFC 10-163] Analyzing VHDL file "/home/goutte/4A/Projet_SI/projet-si/processor/processor.srcs/sources_1/new/ALU.vhd" into library xil_defaultlib
INFO: [VRFC 10-307] analyzing entity ALU
INFO: [VRFC 10-163] Analyzing VHDL file "/home/goutte/4A/Projet_SI/projet-si/processor/processor.srcs/sim_1/new/test_ALU.vhd" into library xil_defaultlib
INFO: [VRFC 10-307] analyzing entity test_ALU
INFO: [VRFC 10-163] Analyzing VHDL file "/home/goutte/4A/Projet_SI/projet-si/processor/processor.srcs/sim_1/new/test_ALU.vhd" into library xil_defaultlib
INFO: [VRFC 10-307] analyzing entity test_ALU
ERROR: [VRFC 10-1412] syntax error near sub [/home/goutte/4A/Projet_SI/projet-si/processor/processor.srcs/sim_1/new/test_ALU.vhd:75]
ERROR: [VRFC 10-1504] unit behavioral ignored due to previous errors [/home/goutte/4A/Projet_SI/projet-si/processor/processor.srcs/sim_1/new/test_ALU.vhd:38]
INFO: [VRFC 10-240] VHDL file /home/goutte/4A/Projet_SI/projet-si/processor/processor.srcs/sim_1/new/test_ALU.vhd ignored due to errors
INFO: [VRFC 10-163] Analyzing VHDL file "/home/goutte/4A/Projet_SI/projet-si/processor/processor.srcs/sim_1/new/test_ALU.vhd" into library xil_defaultlib
INFO: [VRFC 10-307] analyzing entity test_ALU
INFO: [VRFC 10-163] Analyzing VHDL file "/home/goutte/4A/Projet_SI/projet-si/processor/processor.srcs/sim_1/new/test_ALU.vhd" into library xil_defaultlib
INFO: [VRFC 10-307] analyzing entity test_ALU
INFO: [VRFC 10-163] Analyzing VHDL file "/home/goutte/4A/Projet_SI/projet-si/processor/processor.srcs/sources_1/new/ALU.vhd" into library xil_defaultlib
INFO: [VRFC 10-307] analyzing entity ALU
INFO: [VRFC 10-163] Analyzing VHDL file "/home/goutte/4A/Projet_SI/projet-si/processor/processor.srcs/sources_1/new/ALU.vhd" into library xil_defaultlib
INFO: [VRFC 10-307] analyzing entity ALU
INFO: [VRFC 10-163] Analyzing VHDL file "/home/goutte/4A/Projet_SI/projet-si/processor/processor.srcs/sim_1/new/test_ALU.vhd" into library xil_defaultlib
INFO: [VRFC 10-307] analyzing entity test_ALU
INFO: [VRFC 10-163] Analyzing VHDL file "/home/goutte/4A/Projet_SI/projet-si/processor/processor.srcs/sim_1/new/test_ALU.vhd" into library xil_defaultlib
INFO: [VRFC 10-307] analyzing entity test_ALU
INFO: [VRFC 10-163] Analyzing VHDL file "/home/goutte/4A/Projet_SI/projet-si/processor/processor.srcs/sources_1/new/ALU.vhd" into library xil_defaultlib
INFO: [VRFC 10-307] analyzing entity ALU
INFO: [VRFC 10-163] Analyzing VHDL file "/home/goutte/4A/Projet_SI/projet-si/processor/processor.srcs/sources_1/new/ALU.vhd" into library xil_defaultlib
INFO: [VRFC 10-307] analyzing entity ALU
INFO: [VRFC 10-163] Analyzing VHDL file "/home/goutte/4A/Projet_SI/projet-si/processor/processor.srcs/sources_1/new/ALU.vhd" into library xil_defaultlib
INFO: [VRFC 10-307] analyzing entity ALU
INFO: [VRFC 10-163] Analyzing VHDL file "/home/goutte/4A/Projet_SI/projet-si/processor/processor.srcs/sim_1/new/test_ALU.vhd" into library xil_defaultlib
INFO: [VRFC 10-307] analyzing entity test_ALU
INFO: [VRFC 10-163] Analyzing VHDL file "/home/goutte/4A/Projet_SI/projet-si/processor/processor.srcs/sim_1/new/test_ALU.vhd" into library xil_defaultlib
INFO: [VRFC 10-307] analyzing entity test_ALU
INFO: [VRFC 10-163] Analyzing VHDL file "/home/goutte/4A/Projet_SI/projet-si/processor/processor.srcs/sim_1/new/test_ALU.vhd" into library xil_defaultlib
INFO: [VRFC 10-307] analyzing entity test_ALU
INFO: [VRFC 10-163] Analyzing VHDL file "/home/goutte/4A/Projet_SI/projet-si/processor/processor.srcs/sim_1/new/test_ALU.vhd" into library xil_defaultlib
INFO: [VRFC 10-307] analyzing entity test_ALU
INFO: [VRFC 10-163] Analyzing VHDL file "/home/goutte/4A/Projet_SI/projet-si/processor/processor.srcs/sources_1/new/ALU.vhd" into library xil_defaultlib
INFO: [VRFC 10-307] analyzing entity ALU
INFO: [VRFC 10-163] Analyzing VHDL file "/home/goutte/4A/Projet_SI/projet-si/processor/processor.srcs/sources_1/new/ALU.vhd" into library xil_defaultlib
INFO: [VRFC 10-307] analyzing entity ALU
INFO: [VRFC 10-163] Analyzing VHDL file "/home/goutte/4A/Projet_SI/projet-si/processor/processor.srcs/sources_1/new/instruction_memory.vhd" into library xil_defaultlib
INFO: [VRFC 10-307] analyzing entity instruction_memory
INFO: [VRFC 10-163] Analyzing VHDL file "/home/goutte/4A/Projet_SI/projet-si/processor/processor.srcs/sim_1/new/test_ins_memory.vhd" into library xil_defaultlib
INFO: [VRFC 10-307] analyzing entity test_ins_memory
INFO: [VRFC 10-163] Analyzing VHDL file "/home/goutte/4A/Projet_SI/projet-si/processor/processor.srcs/sim_1/new/test_ins_memory.vhd" into library xil_defaultlib
INFO: [VRFC 10-307] analyzing entity test_ins_memory
INFO: [VRFC 10-163] Analyzing VHDL file "/home/goutte/4A/Projet_SI/projet-si/processor/processor.srcs/sources_1/new/instruction_memory.vhd" into library xil_defaultlib
INFO: [VRFC 10-307] analyzing entity instruction_memory
INFO: [VRFC 10-163] Analyzing VHDL file "/home/goutte/4A/Projet_SI/projet-si/processor/processor.srcs/sources_1/new/instruction_memory.vhd" into library xil_defaultlib
INFO: [VRFC 10-307] analyzing entity instruction_memory
INFO: [VRFC 10-163] Analyzing VHDL file "/home/goutte/4A/Projet_SI/projet-si/processor/processor.srcs/sim_1/new/test_ins_memory.vhd" into library xil_defaultlib
INFO: [VRFC 10-307] analyzing entity test_ins_memory
INFO: [VRFC 10-163] Analyzing VHDL file "/home/goutte/4A/Projet_SI/projet-si/processor/processor.srcs/sources_1/new/Pipeline.vhd" into library xil_defaultlib
INFO: [VRFC 10-307] analyzing entity Pipeline
INFO: [VRFC 10-163] Analyzing VHDL file "/home/goutte/4A/Projet_SI/projet-si/processor/processor.srcs/sim_1/new/test_pipeline.vhd" into library xil_defaultlib
INFO: [VRFC 10-307] analyzing entity test_pipeline
INFO: [VRFC 10-163] Analyzing VHDL file "/home/goutte/4A/Projet_SI/projet-si/processor/processor.srcs/sources_1/new/Pipeline.vhd" into library xil_defaultlib
INFO: [VRFC 10-307] analyzing entity Pipeline
INFO: [VRFC 10-163] Analyzing VHDL file "/home/goutte/4A/Projet_SI/projet-si/processor/processor.srcs/sim_1/new/test_pipeline.vhd" into library xil_defaultlib
INFO: [VRFC 10-307] analyzing entity test_pipeline
INFO: [VRFC 10-163] Analyzing VHDL file "/home/goutte/4A/Projet_SI/projet-si/processor/processor.srcs/sim_1/new/test_pipeline.vhd" into library xil_defaultlib
INFO: [VRFC 10-307] analyzing entity test_pipeline
INFO: [VRFC 10-163] Analyzing VHDL file "/home/goutte/4A/Projet_SI/projet-si/processor/processor.srcs/sim_1/new/test_pipeline.vhd" into library xil_defaultlib
INFO: [VRFC 10-307] analyzing entity test_pipeline
INFO: [VRFC 10-163] Analyzing VHDL file "/home/goutte/4A/Projet_SI/projet-si/processor/processor.srcs/sources_1/new/Banc_De_Registres.vhd" into library xil_defaultlib
INFO: [VRFC 10-307] analyzing entity Banc_De_Registres
INFO: [VRFC 10-163] Analyzing VHDL file "/home/goutte/4A/Projet_SI/projet-si/processor/processor.srcs/sim_1/new/test_BDR.vhd" into library xil_defaultlib
INFO: [VRFC 10-307] analyzing entity test_BDR
INFO: [VRFC 10-163] Analyzing VHDL file "/home/goutte/4A/Projet_SI/projet-si/processor/processor.srcs/sim_1/new/test_BDR.vhd" into library xil_defaultlib
INFO: [VRFC 10-307] analyzing entity test_BDR
INFO: [VRFC 10-163] Analyzing VHDL file "/home/goutte/4A/Projet_SI/projet-si/processor/processor.srcs/sim_1/new/test_BDR.vhd" into library xil_defaultlib
INFO: [VRFC 10-307] analyzing entity test_BDR
INFO: [VRFC 10-163] Analyzing VHDL file "/home/goutte/4A/Projet_SI/projet-si/processor/processor.srcs/sources_1/new/Banc_De_Registres.vhd" into library xil_defaultlib
INFO: [VRFC 10-307] analyzing entity Banc_De_Registres
INFO: [VRFC 10-163] Analyzing VHDL file "/home/goutte/4A/Projet_SI/projet-si/processor/processor.srcs/sources_1/new/Banc_De_Registres.vhd" into library xil_defaultlib
INFO: [VRFC 10-307] analyzing entity Banc_De_Registres
INFO: [VRFC 10-163] Analyzing VHDL file "/home/goutte/4A/Projet_SI/projet-si/processor/processor.srcs/sim_1/new/test_BDR.vhd" into library xil_defaultlib
INFO: [VRFC 10-307] analyzing entity test_BDR
INFO: [VRFC 10-163] Analyzing VHDL file "/home/goutte/4A/Projet_SI/projet-si/processor/processor.srcs/sources_1/new/Banc_De_Registres.vhd" into library xil_defaultlib
INFO: [VRFC 10-307] analyzing entity Banc_De_Registres
INFO: [VRFC 10-163] Analyzing VHDL file "/home/goutte/4A/Projet_SI/projet-si/processor/processor.srcs/sim_1/new/test_BDR.vhd" into library xil_defaultlib
INFO: [VRFC 10-307] analyzing entity test_BDR
INFO: [VRFC 10-163] Analyzing VHDL file "/home/goutte/4A/Projet_SI/projet-si/processor/processor.srcs/sources_1/new/Banc_De_Registres.vhd" into library xil_defaultlib
INFO: [VRFC 10-307] analyzing entity Banc_De_Registres
INFO: [VRFC 10-163] Analyzing VHDL file "/home/goutte/4A/Projet_SI/projet-si/processor/processor.srcs/sources_1/new/Banc_De_Registres.vhd" into library xil_defaultlib
INFO: [VRFC 10-307] analyzing entity Banc_De_Registres
INFO: [VRFC 10-163] Analyzing VHDL file "/home/goutte/4A/Projet_SI/projet-si/processor/processor.srcs/sources_1/new/Banc_De_Registres.vhd" into library xil_defaultlib
INFO: [VRFC 10-307] analyzing entity Banc_De_Registres
INFO: [VRFC 10-163] Analyzing VHDL file "/home/goutte/4A/Projet_SI/projet-si/processor/processor.srcs/sources_1/new/Banc_De_Registres.vhd" into library xil_defaultlib
INFO: [VRFC 10-307] analyzing entity Banc_De_Registres
INFO: [VRFC 10-163] Analyzing VHDL file "/home/goutte/4A/Projet_SI/projet-si/processor/processor.srcs/sources_1/new/Banc_De_Registres.vhd" into library xil_defaultlib
INFO: [VRFC 10-307] analyzing entity Banc_De_Registres
INFO: [VRFC 10-163] Analyzing VHDL file "/home/goutte/4A/Projet_SI/projet-si/processor/processor.srcs/sim_1/new/test_BDR.vhd" into library xil_defaultlib
INFO: [VRFC 10-307] analyzing entity test_BDR
INFO: [VRFC 10-163] Analyzing VHDL file "/home/goutte/4A/Projet_SI/projet-si/processor/processor.srcs/sim_1/new/test_BDR.vhd" into library xil_defaultlib
INFO: [VRFC 10-307] analyzing entity test_BDR
INFO: [VRFC 10-163] Analyzing VHDL file "/home/goutte/4A/Projet_SI/projet-si/processor/processor.srcs/sim_1/new/test_BDR.vhd" into library xil_defaultlib
INFO: [VRFC 10-307] analyzing entity test_BDR
INFO: [VRFC 10-163] Analyzing VHDL file "/home/goutte/4A/Projet_SI/projet-si/processor/processor.srcs/sim_1/new/test_BDR.vhd" into library xil_defaultlib
INFO: [VRFC 10-307] analyzing entity test_BDR
INFO: [VRFC 10-163] Analyzing VHDL file "/home/goutte/4A/Projet_SI/projet-si/processor/processor.srcs/sources_1/new/data_memory.vhd" into library xil_defaultlib
INFO: [VRFC 10-307] analyzing entity data_memory
INFO: [VRFC 10-163] Analyzing VHDL file "/home/goutte/4A/Projet_SI/projet-si/processor/processor.srcs/sim_1/new/test_DM.vhd" into library xil_defaultlib
INFO: [VRFC 10-307] analyzing entity test_DM
INFO: [VRFC 10-163] Analyzing VHDL file "/home/goutte/4A/Projet_SI/projet-si/processor/processor.srcs/sim_1/new/test_DM.vhd" into library xil_defaultlib
INFO: [VRFC 10-307] analyzing entity test_DM
INFO: [VRFC 10-163] Analyzing VHDL file "/home/goutte/4A/Projet_SI/projet-si/processor/processor.srcs/sources_1/new/data_memory.vhd" into library xil_defaultlib
INFO: [VRFC 10-307] analyzing entity data_memory
INFO: [VRFC 10-163] Analyzing VHDL file "/home/goutte/4A/Projet_SI/projet-si/processor/processor.srcs/sim_1/new/test_DM.vhd" into library xil_defaultlib
INFO: [VRFC 10-307] analyzing entity test_DM
INFO: [VRFC 10-163] Analyzing VHDL file "/home/goutte/4A/Projet_SI/projet-si/processor/processor.srcs/sim_1/new/test_CDD.vhd" into library xil_defaultlib
INFO: [VRFC 10-307] analyzing entity test_CDD
INFO: [VRFC 10-163] Analyzing VHDL file "/home/goutte/4A/Projet_SI/projet-si/processor/processor.srcs/sim_1/new/test_CDD.vhd" into library xil_defaultlib
INFO: [VRFC 10-307] analyzing entity test_CDD
INFO: [VRFC 10-163] Analyzing VHDL file "/home/goutte/4A/Projet_SI/projet-si/processor/processor.srcs/sources_1/new/Banc_De_Registres.vhd" into library xil_defaultlib
INFO: [VRFC 10-307] analyzing entity Banc_De_Registres
INFO: [VRFC 10-163] Analyzing VHDL file "/home/goutte/4A/Projet_SI/projet-si/processor/processor.srcs/sources_1/new/Pipeline.vhd" into library xil_defaultlib
INFO: [VRFC 10-307] analyzing entity Pipeline
INFO: [VRFC 10-163] Analyzing VHDL file "/home/goutte/4A/Projet_SI/projet-si/processor/processor.srcs/sources_1/new/chemin_donnees.vhd" into library xil_defaultlib
INFO: [VRFC 10-307] analyzing entity chemin_donnees
INFO: [VRFC 10-163] Analyzing VHDL file "/home/goutte/4A/Projet_SI/projet-si/processor/processor.srcs/sources_1/new/instruction_memory.vhd" into library xil_defaultlib
INFO: [VRFC 10-307] analyzing entity instruction_memory
INFO: [VRFC 10-163] Analyzing VHDL file "/home/goutte/4A/Projet_SI/projet-si/processor/processor.srcs/sim_1/new/test_CDD.vhd" into library xil_defaultlib
INFO: [VRFC 10-307] analyzing entity test_CDD
INFO: [VRFC 10-163] Analyzing VHDL file "/home/goutte/4A/Projet_SI/projet-si/processor/processor.srcs/sources_1/new/chemin_donnees.vhd" into library xil_defaultlib
INFO: [VRFC 10-307] analyzing entity chemin_donnees
INFO: [VRFC 10-163] Analyzing VHDL file "/home/goutte/4A/Projet_SI/projet-si/processor/processor.srcs/sources_1/new/chemin_donnees.vhd" into library xil_defaultlib
INFO: [VRFC 10-307] analyzing entity chemin_donnees
INFO: [VRFC 10-163] Analyzing VHDL file "/home/goutte/4A/Projet_SI/projet-si/processor/processor.srcs/sources_1/new/instruction_memory.vhd" into library xil_defaultlib
INFO: [VRFC 10-307] analyzing entity instruction_memory
INFO: [VRFC 10-163] Analyzing VHDL file "/home/goutte/4A/Projet_SI/projet-si/processor/processor.srcs/sources_1/new/chemin_donnees.vhd" into library xil_defaultlib
INFO: [VRFC 10-307] analyzing entity chemin_donnees
INFO: [VRFC 10-163] Analyzing VHDL file "/home/goutte/4A/Projet_SI/projet-si/processor/processor.srcs/sources_1/new/instruction_memory.vhd" into library xil_defaultlib
INFO: [VRFC 10-307] analyzing entity instruction_memory
INFO: [VRFC 10-163] Analyzing VHDL file "/home/goutte/4A/Projet_SI/projet-si/processor/processor.srcs/sources_1/new/chemin_donnees.vhd" into library xil_defaultlib
INFO: [VRFC 10-307] analyzing entity chemin_donnees
INFO: [VRFC 10-163] Analyzing VHDL file "/home/goutte/4A/Projet_SI/projet-si/processor/processor.srcs/sources_1/new/instruction_memory.vhd" into library xil_defaultlib
INFO: [VRFC 10-307] analyzing entity instruction_memory
INFO: [VRFC 10-163] Analyzing VHDL file "/home/goutte/4A/Projet_SI/projet-si/processor/processor.srcs/sources_1/new/Banc_De_Registres.vhd" into library xil_defaultlib
INFO: [VRFC 10-307] analyzing entity Banc_De_Registres
INFO: [VRFC 10-163] Analyzing VHDL file "/home/goutte/4A/Projet_SI/projet-si/processor/processor.srcs/sources_1/new/chemin_donnees.vhd" into library xil_defaultlib
INFO: [VRFC 10-307] analyzing entity chemin_donnees
INFO: [VRFC 10-163] Analyzing VHDL file "/home/goutte/4A/Projet_SI/projet-si/processor/processor.srcs/sources_1/new/chemin_donnees.vhd" into library xil_defaultlib
INFO: [VRFC 10-307] analyzing entity chemin_donnees
INFO: [VRFC 10-163] Analyzing VHDL file "/home/goutte/4A/Projet_SI/projet-si/processor/processor.srcs/sources_1/new/chemin_donnees.vhd" into library xil_defaultlib
INFO: [VRFC 10-307] analyzing entity chemin_donnees
INFO: [VRFC 10-163] Analyzing VHDL file "/home/goutte/4A/Projet_SI/projet-si/processor/processor.srcs/sources_1/new/instruction_memory.vhd" into library xil_defaultlib
INFO: [VRFC 10-307] analyzing entity instruction_memory
INFO: [VRFC 10-163] Analyzing VHDL file "/home/goutte/4A/Projet_SI/projet-si/processor/processor.srcs/sources_1/new/instruction_memory.vhd" into library xil_defaultlib
INFO: [VRFC 10-307] analyzing entity instruction_memory
INFO: [VRFC 10-163] Analyzing VHDL file "/home/goutte/4A/Projet_SI/projet-si/processor/processor.srcs/sources_1/new/instruction_memory.vhd" into library xil_defaultlib
INFO: [VRFC 10-307] analyzing entity instruction_memory
INFO: [VRFC 10-163] Analyzing VHDL file "/home/goutte/4A/Projet_SI/projet-si/processor/processor.srcs/sources_1/new/instruction_memory.vhd" into library xil_defaultlib
INFO: [VRFC 10-307] analyzing entity instruction_memory
INFO: [VRFC 10-163] Analyzing VHDL file "/home/goutte/4A/Projet_SI/projet-si/processor/processor.srcs/sources_1/new/chemin_donnees.vhd" into library xil_defaultlib
INFO: [VRFC 10-307] analyzing entity chemin_donnees
INFO: [VRFC 10-163] Analyzing VHDL file "/home/goutte/4A/Projet_SI/projet-si/processor/processor.srcs/sources_1/new/chemin_donnees.vhd" into library xil_defaultlib
INFO: [VRFC 10-307] analyzing entity chemin_donnees
INFO: [VRFC 10-163] Analyzing VHDL file "/home/goutte/4A/Projet_SI/projet-si/processor/processor.srcs/sources_1/new/instruction_memory.vhd" into library xil_defaultlib
INFO: [VRFC 10-307] analyzing entity instruction_memory
INFO: [VRFC 10-163] Analyzing VHDL file "/home/goutte/4A/Projet_SI/projet-si/processor/processor.srcs/sources_1/new/instruction_memory.vhd" into library xil_defaultlib
INFO: [VRFC 10-307] analyzing entity instruction_memory
INFO: [VRFC 10-163] Analyzing VHDL file "/home/goutte/4A/Projet_SI/projet-si/processor/processor.srcs/sources_1/new/instruction_memory.vhd" into library xil_defaultlib
INFO: [VRFC 10-307] analyzing entity instruction_memory
INFO: [VRFC 10-163] Analyzing VHDL file "/home/goutte/4A/Projet_SI/projet-si/processor/processor.srcs/sources_1/new/instruction_memory.vhd" into library xil_defaultlib
INFO: [VRFC 10-307] analyzing entity instruction_memory
INFO: [VRFC 10-163] Analyzing VHDL file "/home/goutte/4A/Projet_SI/projet-si/processor/processor.srcs/sources_1/new/ALU.vhd" into library xil_defaultlib
INFO: [VRFC 10-307] analyzing entity ALU
INFO: [VRFC 10-163] Analyzing VHDL file "/home/goutte/4A/Projet_SI/projet-si/processor/processor.srcs/sources_1/new/chemin_donnees.vhd" into library xil_defaultlib
INFO: [VRFC 10-307] analyzing entity chemin_donnees
INFO: [VRFC 10-163] Analyzing VHDL file "/home/goutte/4A/Projet_SI/projet-si/processor/processor.srcs/sources_1/new/chemin_donnees.vhd" into library xil_defaultlib
INFO: [VRFC 10-307] analyzing entity chemin_donnees
INFO: [VRFC 10-163] Analyzing VHDL file "/home/goutte/4A/Projet_SI/projet-si/processor/processor.srcs/sources_1/new/instruction_memory.vhd" into library xil_defaultlib
INFO: [VRFC 10-307] analyzing entity instruction_memory
INFO: [VRFC 10-163] Analyzing VHDL file "/home/goutte/4A/Projet_SI/projet-si/processor/processor.srcs/sources_1/new/chemin_donnees.vhd" into library xil_defaultlib
INFO: [VRFC 10-307] analyzing entity chemin_donnees
INFO: [VRFC 10-163] Analyzing VHDL file "/home/goutte/4A/Projet_SI/projet-si/processor/processor.srcs/sources_1/new/ALU.vhd" into library xil_defaultlib
INFO: [VRFC 10-307] analyzing entity ALU
INFO: [VRFC 10-163] Analyzing VHDL file "/home/goutte/4A/Projet_SI/projet-si/processor/processor.srcs/sources_1/new/chemin_donnees.vhd" into library xil_defaultlib
INFO: [VRFC 10-307] analyzing entity chemin_donnees
INFO: [VRFC 10-163] Analyzing VHDL file "/home/goutte/4A/Projet_SI/projet-si/processor/processor.srcs/sources_1/new/chemin_donnees.vhd" into library xil_defaultlib
INFO: [VRFC 10-307] analyzing entity chemin_donnees
INFO: [VRFC 10-163] Analyzing VHDL file "/home/goutte/4A/Projet_SI/projet-si/processor/processor.srcs/sources_1/new/Banc_De_Registres.vhd" into library xil_defaultlib
INFO: [VRFC 10-307] analyzing entity Banc_De_Registres
INFO: [VRFC 10-163] Analyzing VHDL file "/home/goutte/4A/Projet_SI/projet-si/processor/processor.srcs/sources_1/new/instruction_memory.vhd" into library xil_defaultlib
INFO: [VRFC 10-307] analyzing entity instruction_memory
INFO: [VRFC 10-163] Analyzing VHDL file "/home/goutte/4A/Projet_SI/projet-si/processor/processor.srcs/sources_1/new/instruction_memory.vhd" into library xil_defaultlib
INFO: [VRFC 10-307] analyzing entity instruction_memory
INFO: [VRFC 10-163] Analyzing VHDL file "/home/goutte/4A/Projet_SI/projet-si/processor/processor.srcs/sources_1/new/instruction_memory.vhd" into library xil_defaultlib
INFO: [VRFC 10-307] analyzing entity instruction_memory
INFO: [VRFC 10-163] Analyzing VHDL file "/home/goutte/4A/Projet_SI/projet-si/processor/processor.srcs/sources_1/new/ALU.vhd" into library xil_defaultlib
INFO: [VRFC 10-307] analyzing entity ALU
INFO: [VRFC 10-163] Analyzing VHDL file "/home/goutte/4A/Projet_SI/projet-si/processor/processor.srcs/sources_1/new/ALU.vhd" into library xil_defaultlib
INFO: [VRFC 10-307] analyzing entity ALU
INFO: [VRFC 10-163] Analyzing VHDL file "/home/goutte/4A/Projet_SI/projet-si/processor/processor.srcs/sources_1/new/ALU.vhd" into library xil_defaultlib
INFO: [VRFC 10-307] analyzing entity ALU
INFO: [VRFC 10-163] Analyzing VHDL file "/home/goutte/4A/Projet_SI/projet-si/processor/processor.srcs/sources_1/new/Banc_De_Registres.vhd" into library xil_defaultlib
INFO: [VRFC 10-307] analyzing entity Banc_De_Registres
INFO: [VRFC 10-163] Analyzing VHDL file "/home/goutte/4A/Projet_SI/projet-si/processor/processor.srcs/sources_1/new/chemin_donnees.vhd" into library xil_defaultlib
INFO: [VRFC 10-307] analyzing entity chemin_donnees
INFO: [VRFC 10-163] Analyzing VHDL file "/home/goutte/4A/Projet_SI/projet-si/processor/processor.srcs/sources_1/new/instruction_memory.vhd" into library xil_defaultlib
INFO: [VRFC 10-307] analyzing entity instruction_memory
INFO: [VRFC 10-163] Analyzing VHDL file "/home/goutte/4A/Projet_SI/projet-si/processor/processor.srcs/sources_1/new/chemin_donnees.vhd" into library xil_defaultlib
INFO: [VRFC 10-307] analyzing entity chemin_donnees
INFO: [VRFC 10-163] Analyzing VHDL file "/home/goutte/4A/Projet_SI/projet-si/processor/processor.srcs/sources_1/new/instruction_memory.vhd" into library xil_defaultlib
INFO: [VRFC 10-307] analyzing entity instruction_memory
INFO: [VRFC 10-163] Analyzing VHDL file "/home/goutte/4A/Projet_SI/projet-si/processor/processor.srcs/sources_1/new/chemin_donnees.vhd" into library xil_defaultlib
INFO: [VRFC 10-307] analyzing entity chemin_donnees
INFO: [VRFC 10-163] Analyzing VHDL file "/home/goutte/4A/Projet_SI/projet-si/processor/processor.srcs/sources_1/new/chemin_donnees.vhd" into library xil_defaultlib
INFO: [VRFC 10-307] analyzing entity chemin_donnees
INFO: [VRFC 10-163] Analyzing VHDL file "/home/goutte/4A/Projet_SI/projet-si/processor/processor.srcs/sources_1/new/instruction_memory.vhd" into library xil_defaultlib
INFO: [VRFC 10-307] analyzing entity instruction_memory
INFO: [VRFC 10-163] Analyzing VHDL file "/home/goutte/4A/Projet_SI/projet-si/processor/processor.srcs/sources_1/new/instruction_memory.vhd" into library xil_defaultlib
INFO: [VRFC 10-307] analyzing entity instruction_memory
INFO: [VRFC 10-163] Analyzing VHDL file "/home/goutte/4A/Projet_SI/projet-si/processor/processor.srcs/sources_1/new/chemin_donnees.vhd" into library xil_defaultlib
INFO: [VRFC 10-307] analyzing entity chemin_donnees
INFO: [VRFC 10-163] Analyzing VHDL file "/home/goutte/4A/Projet_SI/projet-si/processor/processor.srcs/sources_1/new/instruction_memory.vhd" into library xil_defaultlib
INFO: [VRFC 10-307] analyzing entity instruction_memory
INFO: [VRFC 10-163] Analyzing VHDL file "/home/goutte/4A/Projet_SI/projet-si/processor/processor.srcs/sources_1/new/instruction_memory.vhd" into library xil_defaultlib
INFO: [VRFC 10-307] analyzing entity instruction_memory
INFO: [VRFC 10-163] Analyzing VHDL file "/home/goutte/4A/Projet_SI/projet-si/processor/processor.srcs/sources_1/new/instruction_memory.vhd" into library xil_defaultlib
INFO: [VRFC 10-307] analyzing entity instruction_memory
INFO: [VRFC 10-163] Analyzing VHDL file "/home/goutte/4A/Projet_SI/projet-si/processor/processor.srcs/sources_1/new/chemin_donnees.vhd" into library xil_defaultlib
INFO: [VRFC 10-307] analyzing entity chemin_donnees
INFO: [VRFC 10-163] Analyzing VHDL file "/home/goutte/4A/Projet_SI/projet-si/processor/processor.srcs/sources_1/new/instruction_memory.vhd" into library xil_defaultlib
INFO: [VRFC 10-307] analyzing entity instruction_memory
INFO: [VRFC 10-163] Analyzing VHDL file "/home/goutte/4A/Projet_SI/projet-si/processor/processor.srcs/sources_1/new/data_memory.vhd" into library xil_defaultlib
INFO: [VRFC 10-307] analyzing entity data_memory
INFO: [VRFC 10-163] Analyzing VHDL file "/home/goutte/4A/Projet_SI/projet-si/processor/processor.srcs/sources_1/new/instruction_memory.vhd" into library xil_defaultlib
INFO: [VRFC 10-307] analyzing entity instruction_memory
INFO: [VRFC 10-163] Analyzing VHDL file "/home/goutte/4A/Projet_SI/projet-si/processor/processor.srcs/sources_1/new/instruction_memory.vhd" into library xil_defaultlib
INFO: [VRFC 10-307] analyzing entity instruction_memory
INFO: [VRFC 10-163] Analyzing VHDL file "/home/goutte/4A/Projet_SI/projet-si/processor/processor.srcs/sources_1/new/instruction_memory.vhd" into library xil_defaultlib
INFO: [VRFC 10-307] analyzing entity instruction_memory
INFO: [VRFC 10-163] Analyzing VHDL file "/home/goutte/4A/Projet_SI/projet-si/processor/processor.srcs/sources_1/new/instruction_memory.vhd" into library xil_defaultlib
INFO: [VRFC 10-307] analyzing entity instruction_memory
INFO: [VRFC 10-163] Analyzing VHDL file "/home/goutte/4A/Projet_SI/projet-si/processor/processor.srcs/sources_1/new/chemin_donnees.vhd" into library xil_defaultlib
INFO: [VRFC 10-307] analyzing entity chemin_donnees
INFO: [VRFC 10-163] Analyzing VHDL file "/home/goutte/4A/Projet_SI/projet-si/processor/processor.srcs/sources_1/new/chemin_donnees.vhd" into library xil_defaultlib
INFO: [VRFC 10-307] analyzing entity chemin_donnees
INFO: [VRFC 10-163] Analyzing VHDL file "/home/goutte/4A/Projet_SI/projet-si/processor/processor.srcs/sources_1/new/instruction_memory.vhd" into library xil_defaultlib
INFO: [VRFC 10-307] analyzing entity instruction_memory
INFO: [VRFC 10-163] Analyzing VHDL file "/home/goutte/4A/Projet_SI/projet-si/processor/processor.srcs/sources_1/new/instruction_memory.vhd" into library xil_defaultlib
INFO: [VRFC 10-307] analyzing entity instruction_memory
INFO: [VRFC 10-163] Analyzing VHDL file "/home/goutte/4A/Projet_SI/projet-si/processor/processor.srcs/sources_1/new/data_memory.vhd" into library xil_defaultlib
INFO: [VRFC 10-307] analyzing entity data_memory
INFO: [VRFC 10-163] Analyzing VHDL file "/home/goutte/4A/Projet_SI/projet-si/processor/processor.srcs/sources_1/new/instruction_memory.vhd" into library xil_defaultlib
INFO: [VRFC 10-307] analyzing entity instruction_memory
INFO: [VRFC 10-163] Analyzing VHDL file "/home/goutte/4A/Projet_SI/projet-si/processor/processor.srcs/sources_1/new/instruction_memory.vhd" into library xil_defaultlib
INFO: [VRFC 10-307] analyzing entity instruction_memory
INFO: [VRFC 10-163] Analyzing VHDL file "/home/goutte/4A/Projet_SI/projet-si/processor/processor.srcs/sources_1/new/instruction_memory.vhd" into library xil_defaultlib
INFO: [VRFC 10-307] analyzing entity instruction_memory
INFO: [VRFC 10-163] Analyzing VHDL file "/home/goutte/4A/Projet_SI/projet-si/processor/processor.srcs/sources_1/new/data_memory.vhd" into library xil_defaultlib
INFO: [VRFC 10-307] analyzing entity data_memory
INFO: [VRFC 10-163] Analyzing VHDL file "/home/goutte/4A/Projet_SI/projet-si/processor/processor.srcs/sources_1/new/instruction_memory.vhd" into library xil_defaultlib
INFO: [VRFC 10-307] analyzing entity instruction_memory
INFO: [VRFC 10-163] Analyzing VHDL file "/home/goutte/4A/Projet_SI/projet-si/processor/processor.srcs/sim_1/new/test_DM.vhd" into library xil_defaultlib
INFO: [VRFC 10-307] analyzing entity test_DM
INFO: [VRFC 10-163] Analyzing VHDL file "/home/goutte/4A/Projet_SI/projet-si/processor/processor.srcs/sim_1/new/test_DM.vhd" into library xil_defaultlib
INFO: [VRFC 10-307] analyzing entity test_DM
INFO: [VRFC 10-163] Analyzing VHDL file "/home/goutte/4A/Projet_SI/projet-si/processor/processor.srcs/sim_1/new/test_DM.vhd" into library xil_defaultlib
INFO: [VRFC 10-307] analyzing entity test_DM
INFO: [VRFC 10-163] Analyzing VHDL file "/home/goutte/4A/Projet_SI/projet-si/processor/processor.srcs/sources_1/new/data_memory.vhd" into library xil_defaultlib
INFO: [VRFC 10-307] analyzing entity data_memory
INFO: [VRFC 10-163] Analyzing VHDL file "/home/goutte/4A/Projet_SI/projet-si/processor/processor.srcs/sim_1/new/test_DM.vhd" into library xil_defaultlib
INFO: [VRFC 10-307] analyzing entity test_DM
INFO: [VRFC 10-163] Analyzing VHDL file "/home/goutte/4A/Projet_SI/projet-si/processor/processor.srcs/sources_1/new/data_memory.vhd" into library xil_defaultlib
INFO: [VRFC 10-307] analyzing entity data_memory
INFO: [VRFC 10-163] Analyzing VHDL file "/home/goutte/4A/Projet_SI/projet-si/processor/processor.srcs/sources_1/new/data_memory.vhd" into library xil_defaultlib
INFO: [VRFC 10-307] analyzing entity data_memory
INFO: [VRFC 10-163] Analyzing VHDL file "/home/goutte/4A/Projet_SI/projet-si/processor/processor.srcs/sources_1/new/data_memory.vhd" into library xil_defaultlib
INFO: [VRFC 10-307] analyzing entity data_memory
INFO: [VRFC 10-163] Analyzing VHDL file "/home/goutte/4A/Projet_SI/projet-si/processor/processor.srcs/sources_1/new/data_memory.vhd" into library xil_defaultlib
INFO: [VRFC 10-307] analyzing entity data_memory
INFO: [VRFC 10-163] Analyzing VHDL file "/home/goutte/4A/Projet_SI/projet-si/processor/processor.srcs/sim_1/new/test_DM.vhd" into library xil_defaultlib
INFO: [VRFC 10-307] analyzing entity test_DM
INFO: [VRFC 10-163] Analyzing VHDL file "/home/goutte/4A/Projet_SI/projet-si/processor/processor.srcs/sources_1/new/data_memory.vhd" into library xil_defaultlib
INFO: [VRFC 10-307] analyzing entity data_memory
INFO: [VRFC 10-163] Analyzing VHDL file "/home/goutte/4A/Projet_SI/projet-si/processor/processor.srcs/sim_1/new/test_DM.vhd" into library xil_defaultlib
INFO: [VRFC 10-307] analyzing entity test_DM
INFO: [VRFC 10-163] Analyzing VHDL file "/home/goutte/4A/Projet_SI/projet-si/processor/processor.srcs/sim_1/new/test_CDD.vhd" into library xil_defaultlib
INFO: [VRFC 10-307] analyzing entity test_CDD
INFO: [VRFC 10-163] Analyzing VHDL file "/home/goutte/4A/Projet_SI/projet-si/processor/processor.srcs/sources_1/new/chemin_donnees.vhd" into library xil_defaultlib
INFO: [VRFC 10-307] analyzing entity chemin_donnees
INFO: [VRFC 10-163] Analyzing VHDL file "/home/goutte/4A/Projet_SI/projet-si/processor/processor.srcs/sources_1/new/instruction_memory.vhd" into library xil_defaultlib
INFO: [VRFC 10-307] analyzing entity instruction_memory
INFO: [VRFC 10-163] Analyzing VHDL file "/home/goutte/4A/Projet_SI/projet-si/processor/processor.srcs/sources_1/new/data_memory.vhd" into library xil_defaultlib
INFO: [VRFC 10-307] analyzing entity data_memory
INFO: [VRFC 10-163] Analyzing VHDL file "/home/goutte/4A/Projet_SI/projet-si/processor/processor.srcs/sources_1/new/instruction_memory.vhd" into library xil_defaultlib
INFO: [VRFC 10-307] analyzing entity instruction_memory
INFO: [VRFC 10-163] Analyzing VHDL file "/home/goutte/4A/Projet_SI/projet-si/processor/processor.srcs/sources_1/new/chemin_donnees.vhd" into library xil_defaultlib
INFO: [VRFC 10-307] analyzing entity chemin_donnees
INFO: [VRFC 10-163] Analyzing VHDL file "/home/goutte/4A/Projet_SI/projet-si/processor/processor.srcs/sources_1/new/chemin_donnees.vhd" into library xil_defaultlib
INFO: [VRFC 10-307] analyzing entity chemin_donnees
INFO: [VRFC 10-163] Analyzing VHDL file "/home/goutte/4A/Projet_SI/projet-si/processor/processor.srcs/sources_1/new/instruction_memory.vhd" into library xil_defaultlib
INFO: [VRFC 10-307] analyzing entity instruction_memory
INFO: [VRFC 10-163] Analyzing VHDL file "/home/goutte/4A/Projet_SI/projet-si/processor/processor.srcs/sources_1/new/data_memory.vhd" into library xil_defaultlib
INFO: [VRFC 10-307] analyzing entity data_memory
INFO: [VRFC 10-163] Analyzing VHDL file "/home/goutte/4A/Projet_SI/projet-si/processor/processor.srcs/sources_1/new/chemin_donnees.vhd" into library xil_defaultlib
INFO: [VRFC 10-307] analyzing entity chemin_donnees
INFO: [VRFC 10-163] Analyzing VHDL file "/home/goutte/4A/Projet_SI/projet-si/processor/processor.srcs/sources_1/new/chemin_donnees.vhd" into library xil_defaultlib
INFO: [VRFC 10-307] analyzing entity chemin_donnees
INFO: [VRFC 10-163] Analyzing VHDL file "/home/goutte/4A/Projet_SI/projet-si/processor/processor.srcs/sources_1/new/data_memory.vhd" into library xil_defaultlib
INFO: [VRFC 10-307] analyzing entity data_memory
INFO: [VRFC 10-163] Analyzing VHDL file "/home/goutte/4A/Projet_SI/projet-si/processor/processor.srcs/sources_1/new/data_memory.vhd" into library xil_defaultlib
INFO: [VRFC 10-307] analyzing entity data_memory
INFO: [VRFC 10-163] Analyzing VHDL file "/home/goutte/4A/Projet_SI/projet-si/processor/processor.srcs/sources_1/new/instruction_memory.vhd" into library xil_defaultlib
INFO: [VRFC 10-307] analyzing entity instruction_memory
INFO: [VRFC 10-163] Analyzing VHDL file "/home/goutte/4A/Projet_SI/projet-si/processor/processor.srcs/sources_1/new/instruction_memory.vhd" into library xil_defaultlib
INFO: [VRFC 10-307] analyzing entity instruction_memory
INFO: [VRFC 10-163] Analyzing VHDL file "/home/goutte/4A/Projet_SI/projet-si/processor/processor.srcs/sources_1/new/chemin_donnees.vhd" into library xil_defaultlib
INFO: [VRFC 10-307] analyzing entity chemin_donnees
INFO: [VRFC 10-163] Analyzing VHDL file "/home/goutte/4A/Projet_SI/projet-si/processor/processor.srcs/sources_1/new/chemin_donnees.vhd" into library xil_defaultlib
INFO: [VRFC 10-307] analyzing entity chemin_donnees
INFO: [VRFC 10-163] Analyzing VHDL file "/home/goutte/4A/Projet_SI/projet-si/processor/processor.srcs/sources_1/new/instruction_memory.vhd" into library xil_defaultlib
INFO: [VRFC 10-307] analyzing entity instruction_memory
INFO: [VRFC 10-163] Analyzing VHDL file "/home/goutte/4A/Projet_SI/projet-si/processor/processor.srcs/sources_1/new/instruction_memory.vhd" into library xil_defaultlib
INFO: [VRFC 10-307] analyzing entity instruction_memory
INFO: [VRFC 10-163] Analyzing VHDL file "/home/goutte/4A/Projet_SI/projet-si/processor/processor.srcs/sources_1/new/instruction_memory.vhd" into library xil_defaultlib
INFO: [VRFC 10-307] analyzing entity instruction_memory
INFO: [VRFC 10-163] Analyzing VHDL file "/home/goutte/4A/Projet_SI/projet-si/processor/processor.srcs/sources_1/new/instruction_memory.vhd" into library xil_defaultlib
INFO: [VRFC 10-307] analyzing entity instruction_memory
INFO: [VRFC 10-163] Analyzing VHDL file "/home/goutte/4A/Projet_SI/projet-si/processor/processor.srcs/sources_1/new/Pipeline.vhd" into library xil_defaultlib
INFO: [VRFC 10-307] analyzing entity Pipeline
INFO: [VRFC 10-163] Analyzing VHDL file "/home/goutte/4A/Projet_SI/projet-si/processor/processor.srcs/sources_1/new/chemin_donnees.vhd" into library xil_defaultlib
INFO: [VRFC 10-307] analyzing entity chemin_donnees
INFO: [VRFC 10-163] Analyzing VHDL file "/home/goutte/4A/Projet_SI/projet-si/processor/processor.srcs/sources_1/new/instruction_memory.vhd" into library xil_defaultlib
INFO: [VRFC 10-307] analyzing entity instruction_memory
INFO: [VRFC 10-163] Analyzing VHDL file "/home/goutte/4A/Projet_SI/projet-si/processor/processor.srcs/sources_1/new/chemin_donnees.vhd" into library xil_defaultlib
INFO: [VRFC 10-307] analyzing entity chemin_donnees
INFO: [VRFC 10-163] Analyzing VHDL file "/home/goutte/4A/Projet_SI/projet-si/processor/processor.srcs/sources_1/new/Pipeline.vhd" into library xil_defaultlib
INFO: [VRFC 10-307] analyzing entity Pipeline
INFO: [VRFC 10-163] Analyzing VHDL file "/home/goutte/4A/Projet_SI/projet-si/processor/processor.srcs/sources_1/new/chemin_donnees.vhd" into library xil_defaultlib
INFO: [VRFC 10-307] analyzing entity chemin_donnees
INFO: [VRFC 10-163] Analyzing VHDL file "/home/goutte/4A/Projet_SI/projet-si/processor/processor.srcs/sources_1/new/instruction_memory.vhd" into library xil_defaultlib
INFO: [VRFC 10-307] analyzing entity instruction_memory
INFO: [VRFC 10-163] Analyzing VHDL file "/home/goutte/4A/Projet_SI/projet-si/processor/processor.srcs/sources_1/new/chemin_donnees.vhd" into library xil_defaultlib
INFO: [VRFC 10-307] analyzing entity chemin_donnees
INFO: [VRFC 10-163] Analyzing VHDL file "/home/goutte/4A/Projet_SI/projet-si/processor/processor.srcs/sources_1/new/chemin_donnees.vhd" into library xil_defaultlib
INFO: [VRFC 10-307] analyzing entity chemin_donnees
INFO: [VRFC 10-163] Analyzing VHDL file "/home/goutte/4A/Projet_SI/projet-si/processor/processor.srcs/sources_1/new/chemin_donnees.vhd" into library xil_defaultlib
INFO: [VRFC 10-307] analyzing entity chemin_donnees
INFO: [VRFC 10-163] Analyzing VHDL file "/home/goutte/4A/Projet_SI/projet-si/processor/processor.srcs/sources_1/new/chemin_donnees.vhd" into library xil_defaultlib
INFO: [VRFC 10-307] analyzing entity chemin_donnees
INFO: [VRFC 10-163] Analyzing VHDL file "/home/goutte/4A/Projet_SI/projet-si/processor/processor.srcs/sources_1/new/chemin_donnees.vhd" into library xil_defaultlib
INFO: [VRFC 10-307] analyzing entity chemin_donnees
INFO: [VRFC 10-163] Analyzing VHDL file "/home/goutte/4A/Projet_SI/projet-si/processor/processor.srcs/sources_1/new/chemin_donnees.vhd" into library xil_defaultlib
INFO: [VRFC 10-307] analyzing entity chemin_donnees
INFO: [VRFC 10-163] Analyzing VHDL file "/home/goutte/4A/Projet_SI/projet-si/processor/processor.srcs/sources_1/new/chemin_donnees.vhd" into library xil_defaultlib
INFO: [VRFC 10-163] Analyzing VHDL file "/home/goutte/4A/Projet_SI/projet-si/processor/processor.srcs/sources_1/new/chemin_donnees.vhd" into library xil_defaultlib
INFO: [VRFC 10-307] analyzing entity chemin_donnees
INFO: [VRFC 10-163] Analyzing VHDL file "/home/goutte/4A/Projet_SI/projet-si/processor/processor.srcs/sources_1/new/chemin_donnees.vhd" into library xil_defaultlib
INFO: [VRFC 10-307] analyzing entity chemin_donnees
INFO: [VRFC 10-163] Analyzing VHDL file "/home/goutte/4A/Projet_SI/projet-si/processor/processor.srcs/sources_1/new/chemin_donnees.vhd" into library xil_defaultlib
INFO: [VRFC 10-307] analyzing entity chemin_donnees
INFO: [VRFC 10-163] Analyzing VHDL file "/home/goutte/4A/Projet_SI/projet-si/processor/processor.srcs/sources_1/new/chemin_donnees.vhd" into library xil_defaultlib
INFO: [VRFC 10-307] analyzing entity chemin_donnees
INFO: [VRFC 10-163] Analyzing VHDL file "/home/goutte/4A/Projet_SI/projet-si/processor/processor.srcs/sources_1/new/chemin_donnees.vhd" into library xil_defaultlib
INFO: [VRFC 10-307] analyzing entity chemin_donnees
INFO: [VRFC 10-163] Analyzing VHDL file "/home/goutte/4A/Projet_SI/projet-si/processor/processor.srcs/sources_1/new/Pipeline.vhd" into library xil_defaultlib
INFO: [VRFC 10-307] analyzing entity Pipeline
INFO: [VRFC 10-163] Analyzing VHDL file "/home/goutte/4A/Projet_SI/projet-si/processor/processor.srcs/sources_1/new/Pipeline.vhd" into library xil_defaultlib
INFO: [VRFC 10-307] analyzing entity Pipeline
INFO: [VRFC 10-163] Analyzing VHDL file "/home/goutte/4A/Projet_SI/projet-si/processor/processor.srcs/sources_1/new/chemin_donnees.vhd" into library xil_defaultlib
INFO: [VRFC 10-307] analyzing entity chemin_donnees
INFO: [VRFC 10-163] Analyzing VHDL file "/home/goutte/4A/Projet_SI/projet-si/processor/processor.srcs/sources_1/new/chemin_donnees.vhd" into library xil_defaultlib
INFO: [VRFC 10-307] analyzing entity chemin_donnees
INFO: [VRFC 10-163] Analyzing VHDL file "/home/goutte/4A/Projet_SI/projet-si/processor/processor.srcs/sources_1/new/Pipeline.vhd" into library xil_defaultlib
INFO: [VRFC 10-307] analyzing entity Pipeline
INFO: [VRFC 10-163] Analyzing VHDL file "/home/goutte/4A/Projet_SI/projet-si/processor/processor.srcs/sources_1/new/chemin_donnees.vhd" into library xil_defaultlib
INFO: [VRFC 10-307] analyzing entity chemin_donnees
INFO: [VRFC 10-163] Analyzing VHDL file "/home/goutte/4A/Projet_SI/projet-si/processor/processor.srcs/sources_1/new/instruction_memory.vhd" into library xil_defaultlib
INFO: [VRFC 10-307] analyzing entity instruction_memory
INFO: [VRFC 10-163] Analyzing VHDL file "/home/goutte/4A/Projet_SI/projet-si/processor/processor.srcs/sources_1/new/Pipeline.vhd" into library xil_defaultlib
INFO: [VRFC 10-307] analyzing entity Pipeline
INFO: [VRFC 10-163] Analyzing VHDL file "/home/goutte/4A/Projet_SI/projet-si/processor/processor.srcs/sources_1/new/chemin_donnees.vhd" into library xil_defaultlib
INFO: [VRFC 10-307] analyzing entity chemin_donnees
INFO: [VRFC 10-163] Analyzing VHDL file "/home/goutte/4A/Projet_SI/projet-si/processor/processor.srcs/sources_1/new/chemin_donnees.vhd" into library xil_defaultlib
INFO: [VRFC 10-307] analyzing entity chemin_donnees
INFO: [VRFC 10-163] Analyzing VHDL file "/home/goutte/4A/Projet_SI/projet-si/processor/processor.srcs/sources_1/new/chemin_donnees.vhd" into library xil_defaultlib
INFO: [VRFC 10-307] analyzing entity chemin_donnees
INFO: [VRFC 10-163] Analyzing VHDL file "/home/goutte/4A/Projet_SI/projet-si/processor/processor.srcs/sources_1/new/chemin_donnees.vhd" into library xil_defaultlib
INFO: [VRFC 10-307] analyzing entity chemin_donnees
INFO: [VRFC 10-163] Analyzing VHDL file "/home/goutte/4A/Projet_SI/projet-si/processor/processor.srcs/sources_1/new/chemin_donnees.vhd" into library xil_defaultlib
INFO: [VRFC 10-307] analyzing entity chemin_donnees
INFO: [VRFC 10-163] Analyzing VHDL file "/home/goutte/4A/Projet_SI/projet-si/processor/processor.srcs/sources_1/new/chemin_donnees.vhd" into library xil_defaultlib
INFO: [VRFC 10-307] analyzing entity chemin_donnees
INFO: [VRFC 10-163] Analyzing VHDL file "/home/goutte/4A/Projet_SI/projet-si/processor/processor.srcs/sources_1/new/instruction_memory.vhd" into library xil_defaultlib
INFO: [VRFC 10-307] analyzing entity instruction_memory
INFO: [VRFC 10-163] Analyzing VHDL file "/home/goutte/4A/Projet_SI/projet-si/processor/processor.srcs/sources_1/new/chemin_donnees.vhd" into library xil_defaultlib
INFO: [VRFC 10-307] analyzing entity chemin_donnees
INFO: [VRFC 10-163] Analyzing VHDL file "/home/goutte/4A/Projet_SI/projet-si/processor/processor.srcs/sources_1/new/chemin_donnees.vhd" into library xil_defaultlib
INFO: [VRFC 10-307] analyzing entity chemin_donnees
INFO: [VRFC 10-163] Analyzing VHDL file "/home/goutte/4A/Projet_SI/projet-si/processor/processor.srcs/sources_1/new/chemin_donnees.vhd" into library xil_defaultlib
INFO: [VRFC 10-307] analyzing entity chemin_donnees
INFO: [VRFC 10-163] Analyzing VHDL file "/home/goutte/4A/Projet_SI/projet-si/processor/processor.srcs/sources_1/new/Banc_De_Registres.vhd" into library xil_defaultlib
INFO: [VRFC 10-307] analyzing entity Banc_De_Registres
INFO: [VRFC 10-163] Analyzing VHDL file "/home/goutte/4A/Projet_SI/projet-si/processor/processor.srcs/sources_1/new/Pipeline.vhd" into library xil_defaultlib
INFO: [VRFC 10-307] analyzing entity Pipeline
INFO: [VRFC 10-163] Analyzing VHDL file "/home/goutte/4A/Projet_SI/projet-si/processor/processor.srcs/sources_1/new/Pipeline.vhd" into library xil_defaultlib
INFO: [VRFC 10-307] analyzing entity Pipeline
INFO: [VRFC 10-163] Analyzing VHDL file "/home/goutte/4A/Projet_SI/projet-si/processor/processor.srcs/sources_1/new/instruction_memory.vhd" into library xil_defaultlib
INFO: [VRFC 10-307] analyzing entity instruction_memory
INFO: [VRFC 10-163] Analyzing VHDL file "/home/goutte/4A/Projet_SI/projet-si/processor/processor.srcs/sources_1/new/instruction_memory.vhd" into library xil_defaultlib
INFO: [VRFC 10-307] analyzing entity instruction_memory
INFO: [VRFC 10-163] Analyzing VHDL file "/home/goutte/4A/Projet_SI/projet-si/processor/processor.srcs/sources_1/new/Pipeline.vhd" into library xil_defaultlib
INFO: [VRFC 10-307] analyzing entity Pipeline
INFO: [VRFC 10-163] Analyzing VHDL file "/home/goutte/4A/Projet_SI/projet-si/processor/processor.srcs/sources_1/new/chemin_donnees.vhd" into library xil_defaultlib
INFO: [VRFC 10-307] analyzing entity chemin_donnees
INFO: [VRFC 10-163] Analyzing VHDL file "/home/goutte/4A/Projet_SI/projet-si/processor/processor.srcs/sources_1/new/chemin_donnees.vhd" into library xil_defaultlib
INFO: [VRFC 10-307] analyzing entity chemin_donnees
INFO: [VRFC 10-163] Analyzing VHDL file "/home/goutte/4A/Projet_SI/projet-si/processor/processor.srcs/sources_1/new/Pipeline.vhd" into library xil_defaultlib
INFO: [VRFC 10-307] analyzing entity Pipeline
INFO: [VRFC 10-163] Analyzing VHDL file "/home/goutte/4A/Projet_SI/projet-si/processor/processor.srcs/sources_1/new/chemin_donnees.vhd" into library xil_defaultlib
INFO: [VRFC 10-307] analyzing entity chemin_donnees
INFO: [VRFC 10-163] Analyzing VHDL file "/home/goutte/4A/Projet_SI/projet-si/processor/processor.srcs/sources_1/new/chemin_donnees.vhd" into library xil_defaultlib
INFO: [VRFC 10-307] analyzing entity chemin_donnees
INFO: [VRFC 10-163] Analyzing VHDL file "/home/goutte/4A/Projet_SI/projet-si/processor/processor.srcs/sources_1/new/chemin_donnees.vhd" into library xil_defaultlib
INFO: [VRFC 10-307] analyzing entity chemin_donnees
INFO: [VRFC 10-163] Analyzing VHDL file "/home/goutte/4A/Projet_SI/projet-si/processor/processor.srcs/sources_1/new/Pipeline.vhd" into library xil_defaultlib
INFO: [VRFC 10-307] analyzing entity Pipeline
INFO: [VRFC 10-163] Analyzing VHDL file "/home/goutte/4A/Projet_SI/projet-si/processor/processor.srcs/sources_1/new/chemin_donnees.vhd" into library xil_defaultlib
INFO: [VRFC 10-307] analyzing entity chemin_donnees
INFO: [VRFC 10-163] Analyzing VHDL file "/home/goutte/4A/Projet_SI/projet-si/processor/processor.srcs/sources_1/new/instruction_memory.vhd" into library xil_defaultlib
INFO: [VRFC 10-307] analyzing entity instruction_memory
INFO: [VRFC 10-163] Analyzing VHDL file "/home/goutte/4A/Projet_SI/projet-si/processor/processor.srcs/sources_1/new/Pipeline.vhd" into library xil_defaultlib
INFO: [VRFC 10-307] analyzing entity Pipeline
INFO: [VRFC 10-163] Analyzing VHDL file "/home/goutte/4A/Projet_SI/projet-si/processor/processor.srcs/sources_1/new/chemin_donnees.vhd" into library xil_defaultlib
INFO: [VRFC 10-307] analyzing entity chemin_donnees
INFO: [VRFC 10-163] Analyzing VHDL file "/home/goutte/4A/Projet_SI/projet-si/processor/processor.srcs/sources_1/new/chemin_donnees.vhd" into library xil_defaultlib
INFO: [VRFC 10-307] analyzing entity chemin_donnees
INFO: [VRFC 10-163] Analyzing VHDL file "/home/goutte/4A/Projet_SI/projet-si/processor/processor.srcs/sources_1/new/chemin_donnees.vhd" into library xil_defaultlib
INFO: [VRFC 10-307] analyzing entity chemin_donnees
INFO: [VRFC 10-163] Analyzing VHDL file "/home/goutte/4A/Projet_SI/projet-si/processor/processor.srcs/sources_1/new/chemin_donnees.vhd" into library xil_defaultlib
INFO: [VRFC 10-307] analyzing entity chemin_donnees
INFO: [VRFC 10-163] Analyzing VHDL file "/home/goutte/4A/Projet_SI/projet-si/processor/processor.srcs/sources_1/new/instruction_memory.vhd" into library xil_defaultlib
INFO: [VRFC 10-307] analyzing entity instruction_memory
INFO: [VRFC 10-163] Analyzing VHDL file "/home/goutte/4A/Projet_SI/projet-si/processor/processor.srcs/sources_1/new/instruction_memory.vhd" into library xil_defaultlib
INFO: [VRFC 10-307] analyzing entity instruction_memory
INFO: [VRFC 10-163] Analyzing VHDL file "/home/goutte/4A/Projet_SI/projet-si/processor/processor.srcs/sources_1/new/instruction_memory.vhd" into library xil_defaultlib
INFO: [VRFC 10-307] analyzing entity instruction_memory
INFO: [VRFC 10-163] Analyzing VHDL file "/home/goutte/4A/Projet_SI/projet-si/processor/processor.srcs/sources_1/new/instruction_memory.vhd" into library xil_defaultlib
INFO: [VRFC 10-307] analyzing entity instruction_memory
INFO: [VRFC 10-163] Analyzing VHDL file "/home/goutte/4A/Projet_SI/projet-si/processor/processor.srcs/sources_1/new/chemin_donnees.vhd" into library xil_defaultlib
INFO: [VRFC 10-307] analyzing entity chemin_donnees
INFO: [VRFC 10-163] Analyzing VHDL file "/home/goutte/4A/Projet_SI/projet-si/processor/processor.srcs/sources_1/new/chemin_donnees.vhd" into library xil_defaultlib
INFO: [VRFC 10-307] analyzing entity chemin_donnees
INFO: [VRFC 10-163] Analyzing VHDL file "/home/goutte/4A/Projet_SI/projet-si/processor/processor.srcs/sources_1/new/chemin_donnees.vhd" into library xil_defaultlib
INFO: [VRFC 10-307] analyzing entity chemin_donnees
INFO: [VRFC 10-163] Analyzing VHDL file "/home/goutte/4A/Projet_SI/projet-si/processor/processor.srcs/sources_1/new/chemin_donnees.vhd" into library xil_defaultlib
INFO: [VRFC 10-307] analyzing entity chemin_donnees
INFO: [VRFC 10-163] Analyzing VHDL file "/home/goutte/4A/Projet_SI/projet-si/processor/processor.srcs/sources_1/new/instruction_memory.vhd" into library xil_defaultlib
INFO: [VRFC 10-307] analyzing entity instruction_memory
INFO: [VRFC 10-163] Analyzing VHDL file "/home/goutte/4A/Projet_SI/projet-si/processor/processor.srcs/sources_1/new/chemin_donnees.vhd" into library xil_defaultlib
INFO: [VRFC 10-307] analyzing entity chemin_donnees
INFO: [VRFC 10-163] Analyzing VHDL file "/home/goutte/4A/Projet_SI/projet-si/processor/processor.srcs/sources_1/new/instruction_memory.vhd" into library xil_defaultlib
INFO: [VRFC 10-307] analyzing entity instruction_memory
INFO: [VRFC 10-163] Analyzing VHDL file "/home/goutte/4A/Projet_SI/projet-si/processor/processor.srcs/sources_1/new/instruction_memory.vhd" into library xil_defaultlib
INFO: [VRFC 10-307] analyzing entity instruction_memory
INFO: [VRFC 10-163] Analyzing VHDL file "/home/goutte/4A/Projet_SI/projet-si/processor/processor.srcs/sources_1/new/instruction_memory.vhd" into library xil_defaultlib
INFO: [VRFC 10-307] analyzing entity instruction_memory
INFO: [VRFC 10-163] Analyzing VHDL file "/home/goutte/4A/Projet_SI/projet-si/processor/processor.srcs/sources_1/new/instruction_memory.vhd" into library xil_defaultlib
INFO: [VRFC 10-307] analyzing entity instruction_memory
INFO: [VRFC 10-163] Analyzing VHDL file "/home/goutte/4A/Projet_SI/projet-si/processor/processor.srcs/sources_1/new/instruction_memory.vhd" into library xil_defaultlib
INFO: [VRFC 10-307] analyzing entity instruction_memory
INFO: [VRFC 10-163] Analyzing VHDL file "/home/goutte/4A/Projet_SI/projet-si/processor/processor.srcs/sources_1/new/ALU.vhd" into library xil_defaultlib
INFO: [VRFC 10-307] analyzing entity ALU
INFO: [VRFC 10-163] Analyzing VHDL file "/home/goutte/4A/Projet_SI/projet-si/processor/processor.srcs/sources_1/new/Banc_De_Registres.vhd" into library xil_defaultlib
INFO: [VRFC 10-307] analyzing entity Banc_De_Registres
INFO: [VRFC 10-163] Analyzing VHDL file "/home/goutte/4A/Projet_SI/projet-si/processor/processor.srcs/sources_1/new/Pipeline.vhd" into library xil_defaultlib
INFO: [VRFC 10-307] analyzing entity Pipeline
INFO: [VRFC 10-163] Analyzing VHDL file "/home/goutte/4A/Projet_SI/projet-si/processor/processor.srcs/sources_1/new/chemin_donnees.vhd" into library xil_defaultlib
INFO: [VRFC 10-307] analyzing entity chemin_donnees
INFO: [VRFC 10-163] Analyzing VHDL file "/home/goutte/4A/Projet_SI/projet-si/processor/processor.srcs/sources_1/new/data_memory.vhd" into library xil_defaultlib
INFO: [VRFC 10-307] analyzing entity data_memory
INFO: [VRFC 10-163] Analyzing VHDL file "/home/goutte/4A/Projet_SI/projet-si/processor/processor.srcs/sources_1/new/instruction_memory.vhd" into library xil_defaultlib
INFO: [VRFC 10-307] analyzing entity instruction_memory
INFO: [VRFC 10-163] Analyzing VHDL file "/home/goutte/4A/Projet_SI/projet-si/processor/processor.srcs/sim_1/new/test_CDD.vhd" into library xil_defaultlib
INFO: [VRFC 10-307] analyzing entity test_CDD
INFO: [VRFC 10-163] Analyzing VHDL file "/home/goutte/4A/Projet_SI/projet-si/processor/processor.srcs/sources_1/new/instruction_memory.vhd" into library xil_defaultlib
INFO: [VRFC 10-307] analyzing entity instruction_memory
INFO: [VRFC 10-163] Analyzing VHDL file "/home/goutte/4A/Projet_SI/projet-si/processor/processor.srcs/sources_1/new/instruction_memory.vhd" into library xil_defaultlib
INFO: [VRFC 10-307] analyzing entity instruction_memory
INFO: [VRFC 10-163] Analyzing VHDL file "/home/goutte/4A/Projet_SI/projet-si/processor/processor.srcs/sources_1/new/instruction_memory.vhd" into library xil_defaultlib
INFO: [VRFC 10-307] analyzing entity instruction_memory
INFO: [VRFC 10-163] Analyzing VHDL file "/home/goutte/4A/Projet_SI/projet-si/processor/processor.srcs/sources_1/new/instruction_memory.vhd" into library xil_defaultlib
INFO: [VRFC 10-307] analyzing entity instruction_memory
INFO: [VRFC 10-163] Analyzing VHDL file "/home/goutte/4A/Projet_SI/projet-si/processor/processor.srcs/sources_1/new/instruction_memory.vhd" into library xil_defaultlib
INFO: [VRFC 10-307] analyzing entity instruction_memory
INFO: [VRFC 10-163] Analyzing VHDL file "/home/goutte/4A/Projet_SI/projet-si/processor/processor.srcs/sources_1/new/instruction_memory.vhd" into library xil_defaultlib
INFO: [VRFC 10-307] analyzing entity instruction_memory
INFO: [VRFC 10-163] Analyzing VHDL file "/home/goutte/4A/Projet_SI/projet-si/processor/processor.srcs/sources_1/new/instruction_memory.vhd" into library xil_defaultlib
INFO: [VRFC 10-307] analyzing entity instruction_memory
INFO: [VRFC 10-163] Analyzing VHDL file "/home/goutte/4A/Projet_SI/projet-si/processor/processor.srcs/sources_1/new/instruction_memory.vhd" into library xil_defaultlib
INFO: [VRFC 10-307] analyzing entity instruction_memory
INFO: [VRFC 10-163] Analyzing VHDL file "/home/goutte/4A/Projet_SI/projet-si/processor/processor.srcs/sources_1/new/instruction_memory.vhd" into library xil_defaultlib
INFO: [VRFC 10-307] analyzing entity instruction_memory
INFO: [VRFC 10-163] Analyzing VHDL file "/home/goutte/4A/Projet_SI/projet-si/processor/processor.srcs/sources_1/new/instruction_memory.vhd" into library xil_defaultlib
INFO: [VRFC 10-307] analyzing entity instruction_memory
INFO: [VRFC 10-163] Analyzing VHDL file "/home/goutte/4A/Projet_SI/projet-si/processor/processor.srcs/sources_1/new/instruction_memory.vhd" into library xil_defaultlib
INFO: [VRFC 10-307] analyzing entity instruction_memory
INFO: [VRFC 10-163] Analyzing VHDL file "/home/goutte/4A/Projet_SI/projet-si/processor/processor.srcs/sources_1/new/instruction_memory.vhd" into library xil_defaultlib
INFO: [VRFC 10-307] analyzing entity instruction_memory
INFO: [VRFC 10-163] Analyzing VHDL file "/home/goutte/4A/Projet_SI/projet-si/processor/processor.srcs/sources_1/new/instruction_memory.vhd" into library xil_defaultlib
INFO: [VRFC 10-307] analyzing entity instruction_memory
INFO: [VRFC 10-163] Analyzing VHDL file "/home/goutte/4A/Projet_SI/projet-si/processor/processor.srcs/sources_1/new/instruction_memory.vhd" into library xil_defaultlib
INFO: [VRFC 10-307] analyzing entity instruction_memory
INFO: [VRFC 10-163] Analyzing VHDL file "/home/goutte/4A/Projet_SI/projet-si/processor/processor.srcs/sources_1/new/Banc_De_Registres.vhd" into library xil_defaultlib
INFO: [VRFC 10-307] analyzing entity Banc_De_Registres
INFO: [VRFC 10-163] Analyzing VHDL file "/home/goutte/4A/Projet_SI/projet-si/processor/processor.srcs/sources_1/new/Banc_De_Registres.vhd" into library xil_defaultlib
INFO: [VRFC 10-307] analyzing entity Banc_De_Registres
INFO: [VRFC 10-163] Analyzing VHDL file "/home/goutte/4A/Projet_SI/projet-si/processor/processor.srcs/sources_1/new/Banc_De_Registres.vhd" into library xil_defaultlib
INFO: [VRFC 10-307] analyzing entity Banc_De_Registres
INFO: [VRFC 10-163] Analyzing VHDL file "/home/goutte/4A/Projet_SI/projet-si/processor/processor.srcs/sources_1/new/chemin_donnees.vhd" into library xil_defaultlib
INFO: [VRFC 10-307] analyzing entity chemin_donnees
INFO: [VRFC 10-163] Analyzing VHDL file "/home/goutte/4A/Projet_SI/projet-si/processor/processor.srcs/sources_1/new/instruction_memory.vhd" into library xil_defaultlib
INFO: [VRFC 10-307] analyzing entity instruction_memory
INFO: [VRFC 10-163] Analyzing VHDL file "/home/goutte/4A/Projet_SI/projet-si/processor/processor.srcs/sources_1/new/Banc_De_Registres.vhd" into library xil_defaultlib
INFO: [VRFC 10-307] analyzing entity banc_r
INFO: [VRFC 10-163] Analyzing VHDL file "/home/goutte/4A/Projet_SI/projet-si/processor/processor.srcs/sources_1/new/Banc_De_Registres.vhd" into library xil_defaultlib
INFO: [VRFC 10-307] analyzing entity banc_r
ERROR: [VRFC 10-91] w_a is not declared [/home/goutte/4A/Projet_SI/projet-si/processor/processor.srcs/sources_1/new/Banc_De_Registres.vhd:51]
ERROR: [VRFC 10-91] w_a is not declared [/home/goutte/4A/Projet_SI/projet-si/processor/processor.srcs/sources_1/new/Banc_De_Registres.vhd:57]
ERROR: [VRFC 10-2123] 0 definitions of operator "or" match here [/home/goutte/4A/Projet_SI/projet-si/processor/processor.srcs/sources_1/new/Banc_De_Registres.vhd:57]
ERROR: [VRFC 10-91] w_a is not declared [/home/goutte/4A/Projet_SI/projet-si/processor/processor.srcs/sources_1/new/Banc_De_Registres.vhd:58]
ERROR: [VRFC 10-2123] 0 definitions of operator "or" match here [/home/goutte/4A/Projet_SI/projet-si/processor/processor.srcs/sources_1/new/Banc_De_Registres.vhd:58]
ERROR: [VRFC 10-1504] unit behavioral ignored due to previous errors [/home/goutte/4A/Projet_SI/projet-si/processor/processor.srcs/sources_1/new/Banc_De_Registres.vhd:31]
INFO: [VRFC 10-240] VHDL file /home/goutte/4A/Projet_SI/projet-si/processor/processor.srcs/sources_1/new/Banc_De_Registres.vhd ignored due to errors
INFO: [VRFC 10-163] Analyzing VHDL file "/home/goutte/4A/Projet_SI/projet-si/processor/processor.srcs/sources_1/new/Banc_De_Registres.vhd" into library xil_defaultlib
INFO: [VRFC 10-307] analyzing entity banc_r
ERROR: [VRFC 10-91] w_a is not declared [/home/goutte/4A/Projet_SI/projet-si/processor/processor.srcs/sources_1/new/Banc_De_Registres.vhd:51]
ERROR: [VRFC 10-91] w_a is not declared [/home/goutte/4A/Projet_SI/projet-si/processor/processor.srcs/sources_1/new/Banc_De_Registres.vhd:57]
ERROR: [VRFC 10-2123] 0 definitions of operator "or" match here [/home/goutte/4A/Projet_SI/projet-si/processor/processor.srcs/sources_1/new/Banc_De_Registres.vhd:57]
ERROR: [VRFC 10-91] w_a is not declared [/home/goutte/4A/Projet_SI/projet-si/processor/processor.srcs/sources_1/new/Banc_De_Registres.vhd:58]
ERROR: [VRFC 10-2123] 0 definitions of operator "or" match here [/home/goutte/4A/Projet_SI/projet-si/processor/processor.srcs/sources_1/new/Banc_De_Registres.vhd:58]
ERROR: [VRFC 10-1504] unit behavioral ignored due to previous errors [/home/goutte/4A/Projet_SI/projet-si/processor/processor.srcs/sources_1/new/Banc_De_Registres.vhd:31]
INFO: [VRFC 10-240] VHDL file /home/goutte/4A/Projet_SI/projet-si/processor/processor.srcs/sources_1/new/Banc_De_Registres.vhd ignored due to errors
INFO: [VRFC 10-163] Analyzing VHDL file "/home/goutte/4A/Projet_SI/projet-si/processor/processor.srcs/sources_1/new/Banc_De_Registres.vhd" into library xil_defaultlib
INFO: [VRFC 10-307] analyzing entity Banc_de_Registres
ERROR: [VRFC 10-91] w_a is not declared [/home/goutte/4A/Projet_SI/projet-si/processor/processor.srcs/sources_1/new/Banc_De_Registres.vhd:51]
ERROR: [VRFC 10-91] w_a is not declared [/home/goutte/4A/Projet_SI/projet-si/processor/processor.srcs/sources_1/new/Banc_De_Registres.vhd:57]
ERROR: [VRFC 10-2123] 0 definitions of operator "or" match here [/home/goutte/4A/Projet_SI/projet-si/processor/processor.srcs/sources_1/new/Banc_De_Registres.vhd:57]
ERROR: [VRFC 10-91] w_a is not declared [/home/goutte/4A/Projet_SI/projet-si/processor/processor.srcs/sources_1/new/Banc_De_Registres.vhd:58]
ERROR: [VRFC 10-2123] 0 definitions of operator "or" match here [/home/goutte/4A/Projet_SI/projet-si/processor/processor.srcs/sources_1/new/Banc_De_Registres.vhd:58]
ERROR: [VRFC 10-1504] unit behavioral ignored due to previous errors [/home/goutte/4A/Projet_SI/projet-si/processor/processor.srcs/sources_1/new/Banc_De_Registres.vhd:31]
INFO: [VRFC 10-240] VHDL file /home/goutte/4A/Projet_SI/projet-si/processor/processor.srcs/sources_1/new/Banc_De_Registres.vhd ignored due to errors
INFO: [VRFC 10-163] Analyzing VHDL file "/home/goutte/4A/Projet_SI/projet-si/processor/processor.srcs/sources_1/new/Banc_De_Registres.vhd" into library xil_defaultlib
INFO: [VRFC 10-307] analyzing entity Banc_de_Registres
INFO: [VRFC 10-163] Analyzing VHDL file "/home/goutte/4A/Projet_SI/projet-si/processor/processor.srcs/sources_1/new/chemin_donnees.vhd" into library xil_defaultlib
INFO: [VRFC 10-307] analyzing entity chemin_donnees
INFO: [VRFC 10-163] Analyzing VHDL file "/home/goutte/4A/Projet_SI/projet-si/processor/processor.srcs/sources_1/new/instruction_memory.vhd" into library xil_defaultlib
INFO: [VRFC 10-307] analyzing entity instruction_memory
INFO: [VRFC 10-163] Analyzing VHDL file "/home/goutte/4A/Projet_SI/projet-si/processor/processor.srcs/sources_1/new/Banc_De_Registres.vhd" into library xil_defaultlib
INFO: [VRFC 10-307] analyzing entity Banc_de_Registres
INFO: [VRFC 10-163] Analyzing VHDL file "/home/goutte/4A/Projet_SI/projet-si/processor/processor.srcs/sources_1/new/Banc_De_Registres.vhd" into library xil_defaultlib
INFO: [VRFC 10-307] analyzing entity Banc_de_Registres
INFO: [VRFC 10-163] Analyzing VHDL file "/home/goutte/4A/Projet_SI/projet-si/processor/processor.srcs/sources_1/new/Banc_De_Registres.vhd" into library xil_defaultlib
INFO: [VRFC 10-307] analyzing entity Banc_de_Registres
INFO: [VRFC 10-163] Analyzing VHDL file "/home/goutte/4A/Projet_SI/projet-si/processor/processor.srcs/sources_1/new/instruction_memory.vhd" into library xil_defaultlib
INFO: [VRFC 10-307] analyzing entity instruction_memory
INFO: [VRFC 10-163] Analyzing VHDL file "/home/goutte/4A/Projet_SI/projet-si/processor/processor.srcs/sources_1/new/instruction_memory.vhd" into library xil_defaultlib
INFO: [VRFC 10-307] analyzing entity instruction_memory
INFO: [VRFC 10-163] Analyzing VHDL file "/home/goutte/4A/Projet_SI/projet-si/processor/processor.srcs/sim_1/new/test_CDD.vhd" into library xil_defaultlib
INFO: [VRFC 10-307] analyzing entity test_CDD
INFO: [VRFC 10-163] Analyzing VHDL file "/home/goutte/4A/Projet_SI/projet-si/processor/processor.srcs/sources_1/new/Banc_De_Registres.vhd" into library xil_defaultlib
INFO: [VRFC 10-307] analyzing entity Banc_de_Registres
INFO: [VRFC 10-163] Analyzing VHDL file "/home/goutte/4A/Projet_SI/projet-si/processor/processor.srcs/sources_1/new/data_memory.vhd" into library xil_defaultlib
INFO: [VRFC 10-307] analyzing entity data_memory
INFO: [VRFC 10-163] Analyzing VHDL file "/home/goutte/4A/Projet_SI/projet-si/processor/processor.srcs/sources_1/new/data_memory.vhd" into library xil_defaultlib
INFO: [VRFC 10-307] analyzing entity data_memory
INFO: [VRFC 10-163] Analyzing VHDL file "/home/goutte/4A/Projet_SI/projet-si/processor/processor.srcs/sources_1/new/data_memory.vhd" into library xil_defaultlib
INFO: [VRFC 10-307] analyzing entity data_memory
INFO: [VRFC 10-163] Analyzing VHDL file "/home/goutte/4A/Projet_SI/projet-si/processor/processor.srcs/sources_1/new/data_memory.vhd" into library xil_defaultlib
INFO: [VRFC 10-307] analyzing entity data_memory
INFO: [VRFC 10-163] Analyzing VHDL file "/home/goutte/4A/Projet_SI/projet-si/processor/processor.srcs/sources_1/new/instruction_memory.vhd" into library xil_defaultlib
INFO: [VRFC 10-307] analyzing entity instruction_memory
INFO: [VRFC 10-163] Analyzing VHDL file "/home/goutte/4A/Projet_SI/projet-si/processor/processor.srcs/sources_1/new/instruction_memory.vhd" into library xil_defaultlib
INFO: [VRFC 10-307] analyzing entity instruction_memory
INFO: [VRFC 10-163] Analyzing VHDL file "/home/goutte/4A/Projet_SI/projet-si/processor/processor.srcs/sim_1/new/test_CDD.vhd" into library xil_defaultlib
INFO: [VRFC 10-307] analyzing entity test_CDD
INFO: [VRFC 10-163] Analyzing VHDL file "/home/goutte/4A/Projet_SI/projet-si/processor/processor.srcs/sources_1/new/data_memory.vhd" into library xil_defaultlib
INFO: [VRFC 10-307] analyzing entity data_memory
INFO: [VRFC 10-163] Analyzing VHDL file "/home/goutte/4A/Projet_SI/projet-si/processor/processor.srcs/sources_1/new/data_memory.vhd" into library xil_defaultlib
INFO: [VRFC 10-307] analyzing entity data_memory
INFO: [VRFC 10-163] Analyzing VHDL file "/home/goutte/4A/Projet_SI/projet-si/processor/processor.srcs/sources_1/new/chemin_donnees.vhd" into library xil_defaultlib
INFO: [VRFC 10-307] analyzing entity chemin_donnees
INFO: [VRFC 10-163] Analyzing VHDL file "/home/goutte/4A/Projet_SI/projet-si/processor/processor.srcs/sources_1/new/data_memory.vhd" into library xil_defaultlib
INFO: [VRFC 10-307] analyzing entity data_memory
INFO: [VRFC 10-163] Analyzing VHDL file "/home/goutte/4A/Projet_SI/projet-si/processor/processor.srcs/sources_1/new/Banc_De_Registres.vhd" into library xil_defaultlib
INFO: [VRFC 10-307] analyzing entity Banc_de_Registres
INFO: [VRFC 10-163] Analyzing VHDL file "/home/goutte/4A/Projet_SI/projet-si/processor/processor.srcs/sources_1/new/chemin_donnees.vhd" into library xil_defaultlib
INFO: [VRFC 10-307] analyzing entity chemin_donnees
INFO: [VRFC 10-163] Analyzing VHDL file "/home/goutte/4A/Projet_SI/projet-si/processor/processor.srcs/sources_1/new/data_memory.vhd" into library xil_defaultlib
INFO: [VRFC 10-307] analyzing entity data_memory
INFO: [VRFC 10-163] Analyzing VHDL file "/home/goutte/4A/Projet_SI/projet-si/processor/processor.srcs/sources_1/new/chemin_donnees.vhd" into library xil_defaultlib
INFO: [VRFC 10-307] analyzing entity chemin_donnees
INFO: [VRFC 10-163] Analyzing VHDL file "/home/goutte/4A/Projet_SI/projet-si/processor/processor.srcs/sources_1/new/data_memory.vhd" into library xil_defaultlib
INFO: [VRFC 10-307] analyzing entity data_memory
INFO: [VRFC 10-163] Analyzing VHDL file "/home/goutte/4A/Projet_SI/projet-si/processor/processor.srcs/sources_1/new/chemin_donnees.vhd" into library xil_defaultlib
INFO: [VRFC 10-307] analyzing entity chemin_donnees
INFO: [VRFC 10-163] Analyzing VHDL file "/home/goutte/4A/Projet_SI/projet-si/processor/processor.srcs/sources_1/new/data_memory.vhd" into library xil_defaultlib
INFO: [VRFC 10-307] analyzing entity data_memory
INFO: [VRFC 10-163] Analyzing VHDL file "/home/goutte/4A/Projet_SI/projet-si/processor/processor.srcs/sources_1/new/data_memory.vhd" into library xil_defaultlib
INFO: [VRFC 10-307] analyzing entity data_memory
INFO: [VRFC 10-163] Analyzing VHDL file "/home/goutte/4A/Projet_SI/projet-si/processor/processor.srcs/sources_1/new/Banc_De_Registres.vhd" into library xil_defaultlib
INFO: [VRFC 10-307] analyzing entity Banc_De_Registres
INFO: [VRFC 10-163] Analyzing VHDL file "/home/goutte/4A/Projet_SI/projet-si/processor/processor.srcs/sources_1/new/chemin_donnees.vhd" into library xil_defaultlib
INFO: [VRFC 10-307] analyzing entity chemin_donnees
